#
# There is insufficient memory for the Java Runtime Environment to continue.
# Native memory allocation (malloc) failed to allocate 1456496 bytes for Chunk::new
# Possible reasons:
#   The system is out of physical RAM or swap space
#   The process is running with CompressedOops enabled, and the Java Heap may be blocking the growth of the native heap
# Possible solutions:
#   Reduce memory load on the system
#   Increase physical memory or swap space
#   Check if swap backing store is full
#   Decrease Java heap size (-Xmx/-Xms)
#   Decrease number of Java threads
#   Decrease Java thread stack sizes (-Xss)
#   Set larger code cache with -XX:ReservedCodeCacheSize=
#   JVM is running with Unscaled Compressed Oops mode in which the Java heap is
#     placed in the first 4GB address space. The Java Heap base address is the
#     maximum limit for the native heap growth. Please use -XX:HeapBaseMinAddress
#     to set the Java Heap base and to place the Java Heap above 4GB virtual address.
# This output file may be truncated or incomplete.
#
#  Out of Memory Error (./src/hotspot/share/memory/arena.cpp:197), pid=9460, tid=4660
#
# JRE version: OpenJDK Runtime Environment (11.0.13) (build 11.0.13+0-b1751.21-8125866)
# Java VM: OpenJDK 64-Bit Server VM (11.0.13+0-b1751.21-8125866, mixed mode, tiered, compressed oops, g1 gc, windows-amd64)
# No core dump will be written. Minidumps are not enabled by default on client versions of Windows
#

---------------  S U M M A R Y ------------

Command Line: --add-opens=java.base/java.util=ALL-UNNAMED --add-opens=java.base/java.lang=ALL-UNNAMED --add-opens=java.base/java.lang.invoke=ALL-UNNAMED --add-opens=java.base/java.util=ALL-UNNAMED --add-opens=java.prefs/java.util.prefs=ALL-UNNAMED --add-opens=java.prefs/java.util.prefs=ALL-UNNAMED --add-opens=java.base/java.nio.charset=ALL-UNNAMED --add-opens=java.base/java.net=ALL-UNNAMED --add-opens=java.base/java.util.concurrent.atomic=ALL-UNNAMED -Xmx2048m -Dfile.encoding=UTF-8 -Duser.country=US -Duser.language=en -Duser.variant org.gradle.launcher.daemon.bootstrap.GradleDaemon 7.4

Host: Intel(R) Core(TM) i5-8250U CPU @ 1.60GHz, 8 cores, 11G,  Windows 10 , 64 bit Build 19041 (10.0.19041.2788)
Time: Sat Jun 17 09:56:08 2023 India Standard Time elapsed time: 38.563253 seconds (0d 0h 0m 38s)

---------------  T H R E A D  ---------------

Current thread (0x00000186140b1000):  JavaThread "C2 CompilerThread1" daemon [_thread_in_native, id=4660, stack(0x0000002360200000,0x0000002360300000)]


Current CompileTask:
C2:  38563 6618   !   4       com.google.common.reflect.TypeVisitor::visit (244 bytes)

Stack: [0x0000002360200000,0x0000002360300000]
Native frames: (J=compiled Java code, j=interpreted, Vv=VM code, C=native code)
V  [jvm.dll+0x6100fa]
V  [jvm.dll+0x747090]
V  [jvm.dll+0x7486ad]
V  [jvm.dll+0x748d83]
V  [jvm.dll+0x24ab48]
V  [jvm.dll+0xc04dc]
V  [jvm.dll+0xc0a0c]
V  [jvm.dll+0x35eb9d]
V  [jvm.dll+0x19d9bc]
V  [jvm.dll+0x2033be]
V  [jvm.dll+0x202437]
V  [jvm.dll+0x188e01]
V  [jvm.dll+0x21106b]
V  [jvm.dll+0x20f8c1]
V  [jvm.dll+0x70de0f]
V  [jvm.dll+0x706a75]
V  [jvm.dll+0x60ed66]
C  [ucrtbase.dll+0x21bb2]
C  [KERNEL32.DLL+0x17604]
C  [ntdll.dll+0x526a1]


---------------  P R O C E S S  ---------------

Threads class SMR info:
_java_thread_list=0x0000018618ef48c0, length=124, elements={
0x000001867687a800, 0x000001867fd46800, 0x0000018611802800, 0x0000018611858800,
0x000001861185b800, 0x000001861185c800, 0x000001861185e000, 0x0000018611862800,
0x0000018611870000, 0x00000186119cc800, 0x000001861305f800, 0x0000018612ba9800,
0x0000018612b53800, 0x0000018613b74800, 0x0000018612e8b000, 0x0000018614053800,
0x0000018614054800, 0x0000018614052000, 0x0000018614050800, 0x0000018614051000,
0x0000018613245000, 0x0000018613247800, 0x000001861324a000, 0x0000018613249000,
0x0000018613246800, 0x00000186168a8000, 0x00000186168ae800, 0x00000186168aa800,
0x00000186168ac000, 0x00000186168a8800, 0x00000186168a3000, 0x00000186168a2000,
0x00000186168a4800, 0x00000186168a5800, 0x000001861689f800, 0x00000186168a6000,
0x00000186168a4000, 0x00000186168a0800, 0x00000186168a7000, 0x00000186168a1800,
0x00000186168ac800, 0x00000186168ad800, 0x00000186168a9800, 0x00000186168ab000,
0x0000018613244000, 0x000001861324b800, 0x0000018613245800, 0x000001861324d000,
0x0000018613252000, 0x0000018613250800, 0x0000018613251000, 0x000001861324f800,
0x000001861324c000, 0x000001861324e000, 0x0000018613252800, 0x000001861324e800,
0x0000018614052800, 0x0000018614055000, 0x0000018614056000, 0x0000018614057000,
0x0000018614beb800, 0x0000018614bec000, 0x0000018614be7800, 0x0000018614bea800,
0x0000018614bed000, 0x0000018614bee000, 0x0000018614be8000, 0x0000018614bee800,
0x0000018614be9000, 0x0000018614bef800, 0x0000018614be9800, 0x0000018614bf4800,
0x0000018614bf5000, 0x0000018614bf1000, 0x0000018614bf2000, 0x0000018614bf6000,
0x0000018614bf0800, 0x0000018614bf2800, 0x0000018614bf3800, 0x0000018613e80000,
0x0000018613e7b000, 0x0000018613e7a800, 0x0000018613e7f000, 0x0000018613e7d800,
0x0000018613e7c800, 0x0000018613e7e800, 0x0000018613e81000, 0x0000018613e81800,
0x0000018613e7c000, 0x0000018613e87800, 0x0000018613e83800, 0x0000018613e84000,
0x0000018613e82800, 0x0000018613e85000, 0x0000018613e85800, 0x0000018613e86800,
0x0000018613e88000, 0x0000018613e89000, 0x000001861377a000, 0x000001861377b000,
0x0000018613780000, 0x000001861377f000, 0x000001861377e000, 0x0000018613780800,
0x000001861377b800, 0x000001861377c800, 0x0000018613781800, 0x0000018613783000,
0x0000018613782000, 0x000001861377d800, 0x0000018613786800, 0x0000018613784000,
0x0000018613788000, 0x0000018613784800, 0x0000018613785800, 0x0000018613789000,
0x0000018613787000, 0x00000186152e3000, 0x00000186152e4000, 0x00000186152df000,
0x00000186152e0000, 0x00000186140b1000, 0x0000018617195000, 0x00000186152e1800
}

Java Threads: ( => current thread )
  0x000001867687a800 JavaThread "main" [_thread_blocked, id=664, stack(0x0000002357800000,0x0000002357900000)]
  0x000001867fd46800 JavaThread "Reference Handler" daemon [_thread_blocked, id=7444, stack(0x0000002357f00000,0x0000002358000000)]
  0x0000018611802800 JavaThread "Finalizer" daemon [_thread_blocked, id=20656, stack(0x0000002358000000,0x0000002358100000)]
  0x0000018611858800 JavaThread "Signal Dispatcher" daemon [_thread_blocked, id=23940, stack(0x0000002358100000,0x0000002358200000)]
  0x000001861185b800 JavaThread "Attach Listener" daemon [_thread_blocked, id=22316, stack(0x0000002358200000,0x0000002358300000)]
  0x000001861185c800 JavaThread "Service Thread" daemon [_thread_blocked, id=22428, stack(0x0000002358300000,0x0000002358400000)]
  0x000001861185e000 JavaThread "C2 CompilerThread0" daemon [_thread_in_native, id=9288, stack(0x0000002358400000,0x0000002358500000)]
  0x0000018611862800 JavaThread "C1 CompilerThread0" daemon [_thread_blocked, id=8740, stack(0x0000002358500000,0x0000002358600000)]
  0x0000018611870000 JavaThread "Sweeper thread" daemon [_thread_blocked, id=17648, stack(0x0000002358600000,0x0000002358700000)]
  0x00000186119cc800 JavaThread "Common-Cleaner" daemon [_thread_blocked, id=13696, stack(0x0000002358700000,0x0000002358800000)]
  0x000001861305f800 JavaThread "Daemon health stats" [_thread_blocked, id=21692, stack(0x0000002358e00000,0x0000002358f00000)]
  0x0000018612ba9800 JavaThread "Incoming local TCP Connector on port 55414" [_thread_in_native, id=21224, stack(0x0000002358900000,0x0000002358a00000)]
  0x0000018612b53800 JavaThread "Daemon periodic checks" [_thread_blocked, id=15112, stack(0x0000002358d00000,0x0000002358e00000)]
  0x0000018613b74800 JavaThread "Daemon" [_thread_blocked, id=19132, stack(0x0000002358f00000,0x0000002359000000)]
  0x0000018612e8b000 JavaThread "Daemon worker" [_thread_in_vm, id=15280, stack(0x0000002359200000,0x0000002359300000)]
  0x0000018614053800 JavaThread "Cache worker for journal cache (C:\Users\gadha\.gradle\caches\journal-1)" [_thread_blocked, id=2160, stack(0x0000002359700000,0x0000002359800000)]
  0x0000018614054800 JavaThread "File lock request listener" [_thread_in_native, id=23404, stack(0x0000002359800000,0x0000002359900000)]
  0x0000018614052000 JavaThread "Cache worker for file hash cache (C:\Users\gadha\.gradle\caches\7.4\fileHashes)" [_thread_blocked, id=13248, stack(0x0000002359300000,0x0000002359400000)]
  0x0000018614050800 JavaThread "File watcher server" daemon [_thread_in_native, id=19992, stack(0x0000002359f00000,0x000000235a000000)]
  0x0000018614051000 JavaThread "File watcher consumer" daemon [_thread_blocked, id=8948, stack(0x000000235a000000,0x000000235a100000)]
  0x0000018613245000 JavaThread "Cache worker for execution history cache (C:\Users\gadha\.gradle\caches\7.4\executionHistory)" [_thread_blocked, id=18660, stack(0x000000235a500000,0x000000235a600000)]
  0x0000018613247800 JavaThread "jar transforms" [_thread_blocked, id=15940, stack(0x000000235a700000,0x000000235a800000)]
  0x000001861324a000 JavaThread "Cache worker for file content cache (C:\Users\gadha\.gradle\caches\7.4\fileContent)" [_thread_blocked, id=25392, stack(0x000000235a800000,0x000000235a900000)]
  0x0000018613249000 JavaThread "jar transforms Thread 2" [_thread_blocked, id=7136, stack(0x000000235a600000,0x000000235a700000)]
  0x0000018613246800 JavaThread "jar transforms Thread 3" [_thread_blocked, id=4876, stack(0x000000235ab00000,0x000000235ac00000)]
  0x00000186168a8000 JavaThread "jar transforms Thread 4" [_thread_blocked, id=22756, stack(0x000000235aa00000,0x000000235ab00000)]
  0x00000186168ae800 JavaThread "jar transforms Thread 5" [_thread_blocked, id=300, stack(0x000000235fc00000,0x000000235fd00000)]
  0x00000186168aa800 JavaThread "jar transforms Thread 6" [_thread_blocked, id=22376, stack(0x000000235fd00000,0x000000235fe00000)]
  0x00000186168ac000 JavaThread "jar transforms Thread 7" [_thread_blocked, id=8756, stack(0x000000235fe00000,0x000000235ff00000)]
  0x00000186168a8800 JavaThread "jar transforms Thread 8" [_thread_blocked, id=7156, stack(0x000000235ff00000,0x0000002360000000)]
  0x00000186168a3000 JavaThread "Handler for socket connection from /127.0.0.1:55414 to /127.0.0.1:55484" [_thread_in_native, id=16824, stack(0x0000002359400000,0x0000002359500000)]
  0x00000186168a2000 JavaThread "Cancel handler" [_thread_blocked, id=22716, stack(0x0000002359500000,0x0000002359600000)]
  0x00000186168a4800 JavaThread "Asynchronous log dispatcher for DefaultDaemonConnection: socket connection from /127.0.0.1:55414 to /127.0.0.1:55484" [_thread_blocked, id=12668, stack(0x0000002359600000,0x0000002359700000)]
  0x00000186168a5800 JavaThread "Stdin handler" [_thread_blocked, id=23420, stack(0x0000002359e00000,0x0000002359f00000)]
  0x000001861689f800 JavaThread "Daemon client event forwarder" [_thread_blocked, id=24868, stack(0x000000235a100000,0x000000235a200000)]
  0x00000186168a6000 JavaThread "Cache worker for checksums cache (D:\Android\Practice-Demo\Florist\.gradle\7.4\checksums)" [_thread_blocked, id=14460, stack(0x000000235a200000,0x000000235a300000)]
  0x00000186168a4000 JavaThread "Cache worker for cache directory md-rule (C:\Users\gadha\.gradle\caches\7.4\md-rule)" [_thread_blocked, id=9716, stack(0x000000235a300000,0x000000235a400000)]
  0x00000186168a0800 JavaThread "Cache worker for file hash cache (D:\Android\Practice-Demo\Florist\.gradle\7.4\fileHashes)" [_thread_blocked, id=18724, stack(0x000000235a400000,0x000000235a500000)]
  0x00000186168a7000 JavaThread "Cache worker for cache directory md-supplier (C:\Users\gadha\.gradle\caches\7.4\md-supplier)" [_thread_blocked, id=17244, stack(0x000000235a900000,0x000000235aa00000)]
  0x00000186168a1800 JavaThread "Cache worker for dependencies-accessors (D:\Android\Practice-Demo\Florist\.gradle\7.4\dependencies-accessors)" [_thread_blocked, id=16128, stack(0x000000235ac00000,0x000000235ad00000)]
  0x00000186168ac800 JavaThread "Cache worker for Build Output Cleanup Cache (D:\Android\Practice-Demo\Florist\.gradle\buildOutputCleanup)" [_thread_blocked, id=13728, stack(0x000000235ad00000,0x000000235ae00000)]
  0x00000186168ad800 JavaThread "Unconstrained build operations" [_thread_blocked, id=9524, stack(0x000000235ae00000,0x000000235af00000)]
  0x00000186168a9800 JavaThread "Unconstrained build operations Thread 2" [_thread_blocked, id=16072, stack(0x000000235af00000,0x000000235b000000)]
  0x00000186168ab000 JavaThread "Unconstrained build operations Thread 3" [_thread_blocked, id=20488, stack(0x000000235b000000,0x000000235b100000)]
  0x0000018613244000 JavaThread "Unconstrained build operations Thread 4" [_thread_blocked, id=7856, stack(0x000000235b100000,0x000000235b200000)]
  0x000001861324b800 JavaThread "Unconstrained build operations Thread 5" [_thread_blocked, id=18016, stack(0x000000235b200000,0x000000235b300000)]
  0x0000018613245800 JavaThread "Unconstrained build operations Thread 6" [_thread_blocked, id=8328, stack(0x000000235b300000,0x000000235b400000)]
  0x000001861324d000 JavaThread "Unconstrained build operations Thread 7" [_thread_blocked, id=7064, stack(0x000000235b400000,0x000000235b500000)]
  0x0000018613252000 JavaThread "Unconstrained build operations Thread 8" [_thread_blocked, id=14868, stack(0x000000235b500000,0x000000235b600000)]
  0x0000018613250800 JavaThread "Unconstrained build operations Thread 9" [_thread_blocked, id=18196, stack(0x000000235b600000,0x000000235b700000)]
  0x0000018613251000 JavaThread "Unconstrained build operations Thread 10" [_thread_blocked, id=4420, stack(0x000000235b700000,0x000000235b800000)]
  0x000001861324f800 JavaThread "Unconstrained build operations Thread 11" [_thread_blocked, id=19104, stack(0x000000235b800000,0x000000235b900000)]
  0x000001861324c000 JavaThread "Unconstrained build operations Thread 12" [_thread_blocked, id=15792, stack(0x000000235b900000,0x000000235ba00000)]
  0x000001861324e000 JavaThread "Unconstrained build operations Thread 13" [_thread_blocked, id=19512, stack(0x000000235ba00000,0x000000235bb00000)]
  0x0000018613252800 JavaThread "Unconstrained build operations Thread 14" [_thread_blocked, id=22168, stack(0x000000235bb00000,0x000000235bc00000)]
  0x000001861324e800 JavaThread "Unconstrained build operations Thread 15" [_thread_blocked, id=18980, stack(0x000000235bc00000,0x000000235bd00000)]
  0x0000018614052800 JavaThread "Unconstrained build operations Thread 16" [_thread_blocked, id=3476, stack(0x000000235bd00000,0x000000235be00000)]
  0x0000018614055000 JavaThread "Unconstrained build operations Thread 17" [_thread_blocked, id=5472, stack(0x000000235be00000,0x000000235bf00000)]
  0x0000018614056000 JavaThread "Unconstrained build operations Thread 18" [_thread_blocked, id=25248, stack(0x000000235bf00000,0x000000235c000000)]
  0x0000018614057000 JavaThread "Unconstrained build operations Thread 19" [_thread_blocked, id=8212, stack(0x000000235c000000,0x000000235c100000)]
  0x0000018614beb800 JavaThread "Unconstrained build operations Thread 20" [_thread_blocked, id=15780, stack(0x000000235c100000,0x000000235c200000)]
  0x0000018614bec000 JavaThread "Unconstrained build operations Thread 21" [_thread_blocked, id=4372, stack(0x000000235c200000,0x000000235c300000)]
  0x0000018614be7800 JavaThread "Unconstrained build operations Thread 22" [_thread_blocked, id=25228, stack(0x000000235c300000,0x000000235c400000)]
  0x0000018614bea800 JavaThread "Unconstrained build operations Thread 23" [_thread_blocked, id=6980, stack(0x000000235c400000,0x000000235c500000)]
  0x0000018614bed000 JavaThread "Unconstrained build operations Thread 24" [_thread_blocked, id=16372, stack(0x000000235c500000,0x000000235c600000)]
  0x0000018614bee000 JavaThread "Unconstrained build operations Thread 25" [_thread_blocked, id=8640, stack(0x000000235c600000,0x000000235c700000)]
  0x0000018614be8000 JavaThread "Unconstrained build operations Thread 26" [_thread_blocked, id=10992, stack(0x000000235c700000,0x000000235c800000)]
  0x0000018614bee800 JavaThread "Unconstrained build operations Thread 27" [_thread_blocked, id=12968, stack(0x000000235c800000,0x000000235c900000)]
  0x0000018614be9000 JavaThread "Unconstrained build operations Thread 28" [_thread_blocked, id=9956, stack(0x000000235c900000,0x000000235ca00000)]
  0x0000018614bef800 JavaThread "Unconstrained build operations Thread 29" [_thread_blocked, id=4848, stack(0x000000235ca00000,0x000000235cb00000)]
  0x0000018614be9800 JavaThread "Unconstrained build operations Thread 30" [_thread_blocked, id=21404, stack(0x000000235cb00000,0x000000235cc00000)]
  0x0000018614bf4800 JavaThread "Unconstrained build operations Thread 31" [_thread_blocked, id=25472, stack(0x000000235cc00000,0x000000235cd00000)]
  0x0000018614bf5000 JavaThread "Unconstrained build operations Thread 32" [_thread_blocked, id=2600, stack(0x000000235cd00000,0x000000235ce00000)]
  0x0000018614bf1000 JavaThread "Unconstrained build operations Thread 33" [_thread_blocked, id=13720, stack(0x000000235ce00000,0x000000235cf00000)]
  0x0000018614bf2000 JavaThread "Unconstrained build operations Thread 34" [_thread_blocked, id=2864, stack(0x000000235cf00000,0x000000235d000000)]
  0x0000018614bf6000 JavaThread "Unconstrained build operations Thread 35" [_thread_blocked, id=17896, stack(0x000000235d000000,0x000000235d100000)]
  0x0000018614bf0800 JavaThread "Unconstrained build operations Thread 36" [_thread_blocked, id=20784, stack(0x000000235d100000,0x000000235d200000)]
  0x0000018614bf2800 JavaThread "Unconstrained build operations Thread 37" [_thread_blocked, id=18424, stack(0x000000235d200000,0x000000235d300000)]
  0x0000018614bf3800 JavaThread "Unconstrained build operations Thread 38" [_thread_blocked, id=5528, stack(0x000000235d300000,0x000000235d400000)]
  0x0000018613e80000 JavaThread "Unconstrained build operations Thread 39" [_thread_blocked, id=10744, stack(0x000000235d400000,0x000000235d500000)]
  0x0000018613e7b000 JavaThread "Unconstrained build operations Thread 40" [_thread_blocked, id=14932, stack(0x000000235d500000,0x000000235d600000)]
  0x0000018613e7a800 JavaThread "Unconstrained build operations Thread 41" [_thread_blocked, id=19400, stack(0x000000235d600000,0x000000235d700000)]
  0x0000018613e7f000 JavaThread "Unconstrained build operations Thread 42" [_thread_blocked, id=17524, stack(0x000000235d700000,0x000000235d800000)]
  0x0000018613e7d800 JavaThread "Unconstrained build operations Thread 43" [_thread_blocked, id=8744, stack(0x000000235d800000,0x000000235d900000)]
  0x0000018613e7c800 JavaThread "Unconstrained build operations Thread 44" [_thread_blocked, id=14852, stack(0x000000235d900000,0x000000235da00000)]
  0x0000018613e7e800 JavaThread "Unconstrained build operations Thread 45" [_thread_blocked, id=4904, stack(0x000000235da00000,0x000000235db00000)]
  0x0000018613e81000 JavaThread "Unconstrained build operations Thread 46" [_thread_blocked, id=13492, stack(0x000000235db00000,0x000000235dc00000)]
  0x0000018613e81800 JavaThread "Unconstrained build operations Thread 47" [_thread_blocked, id=288, stack(0x000000235dc00000,0x000000235dd00000)]
  0x0000018613e7c000 JavaThread "Unconstrained build operations Thread 48" [_thread_blocked, id=11776, stack(0x000000235dd00000,0x000000235de00000)]
  0x0000018613e87800 JavaThread "Unconstrained build operations Thread 49" [_thread_blocked, id=3052, stack(0x000000235de00000,0x000000235df00000)]
  0x0000018613e83800 JavaThread "Unconstrained build operations Thread 50" [_thread_blocked, id=7036, stack(0x000000235df00000,0x000000235e000000)]
  0x0000018613e84000 JavaThread "Unconstrained build operations Thread 51" [_thread_blocked, id=19696, stack(0x000000235e000000,0x000000235e100000)]
  0x0000018613e82800 JavaThread "Unconstrained build operations Thread 52" [_thread_blocked, id=19748, stack(0x000000235e100000,0x000000235e200000)]
  0x0000018613e85000 JavaThread "Unconstrained build operations Thread 53" [_thread_blocked, id=25464, stack(0x000000235e200000,0x000000235e300000)]
  0x0000018613e85800 JavaThread "Unconstrained build operations Thread 54" [_thread_blocked, id=3448, stack(0x000000235e300000,0x000000235e400000)]
  0x0000018613e86800 JavaThread "Unconstrained build operations Thread 55" [_thread_blocked, id=20676, stack(0x000000235e400000,0x000000235e500000)]
  0x0000018613e88000 JavaThread "Unconstrained build operations Thread 56" [_thread_blocked, id=9876, stack(0x000000235e500000,0x000000235e600000)]
  0x0000018613e89000 JavaThread "Unconstrained build operations Thread 57" [_thread_blocked, id=9208, stack(0x000000235e600000,0x000000235e700000)]
  0x000001861377a000 JavaThread "Unconstrained build operations Thread 58" [_thread_blocked, id=11872, stack(0x000000235e700000,0x000000235e800000)]
  0x000001861377b000 JavaThread "Unconstrained build operations Thread 59" [_thread_blocked, id=23944, stack(0x000000235e800000,0x000000235e900000)]
  0x0000018613780000 JavaThread "Unconstrained build operations Thread 60" [_thread_blocked, id=20932, stack(0x000000235e900000,0x000000235ea00000)]
  0x000001861377f000 JavaThread "Unconstrained build operations Thread 61" [_thread_blocked, id=25352, stack(0x000000235ea00000,0x000000235eb00000)]
  0x000001861377e000 JavaThread "Unconstrained build operations Thread 62" [_thread_blocked, id=25444, stack(0x000000235eb00000,0x000000235ec00000)]
  0x0000018613780800 JavaThread "Unconstrained build operations Thread 63" [_thread_blocked, id=14032, stack(0x000000235ec00000,0x000000235ed00000)]
  0x000001861377b800 JavaThread "Unconstrained build operations Thread 64" [_thread_blocked, id=11380, stack(0x000000235ed00000,0x000000235ee00000)]
  0x000001861377c800 JavaThread "Unconstrained build operations Thread 65" [_thread_blocked, id=22124, stack(0x000000235ee00000,0x000000235ef00000)]
  0x0000018613781800 JavaThread "Unconstrained build operations Thread 66" [_thread_blocked, id=13260, stack(0x000000235ef00000,0x000000235f000000)]
  0x0000018613783000 JavaThread "Unconstrained build operations Thread 67" [_thread_blocked, id=19228, stack(0x000000235f000000,0x000000235f100000)]
  0x0000018613782000 JavaThread "Unconstrained build operations Thread 68" [_thread_blocked, id=17528, stack(0x000000235f100000,0x000000235f200000)]
  0x000001861377d800 JavaThread "Unconstrained build operations Thread 69" [_thread_blocked, id=17092, stack(0x000000235f200000,0x000000235f300000)]
  0x0000018613786800 JavaThread "Unconstrained build operations Thread 70" [_thread_blocked, id=3212, stack(0x000000235f300000,0x000000235f400000)]
  0x0000018613784000 JavaThread "Unconstrained build operations Thread 71" [_thread_blocked, id=20516, stack(0x000000235f400000,0x000000235f500000)]
  0x0000018613788000 JavaThread "Unconstrained build operations Thread 72" [_thread_blocked, id=8720, stack(0x000000235f500000,0x000000235f600000)]
  0x0000018613784800 JavaThread "Unconstrained build operations Thread 73" [_thread_blocked, id=16780, stack(0x000000235f600000,0x000000235f700000)]
  0x0000018613785800 JavaThread "Unconstrained build operations Thread 74" [_thread_blocked, id=10224, stack(0x000000235f700000,0x000000235f800000)]
  0x0000018613789000 JavaThread "Unconstrained build operations Thread 75" [_thread_blocked, id=13968, stack(0x000000235f800000,0x000000235f900000)]
  0x0000018613787000 JavaThread "Unconstrained build operations Thread 76" [_thread_blocked, id=19112, stack(0x000000235f900000,0x000000235fa00000)]
  0x00000186152e3000 JavaThread "Unconstrained build operations Thread 77" [_thread_blocked, id=17784, stack(0x000000235fa00000,0x000000235fb00000)]
  0x00000186152e4000 JavaThread "Unconstrained build operations Thread 78" [_thread_blocked, id=17888, stack(0x000000235fb00000,0x000000235fc00000)]
  0x00000186152df000 JavaThread "Unconstrained build operations Thread 79" [_thread_blocked, id=12892, stack(0x0000002360000000,0x0000002360100000)]
  0x00000186152e0000 JavaThread "Unconstrained build operations Thread 80" [_thread_blocked, id=17384, stack(0x0000002360100000,0x0000002360200000)]
=>0x00000186140b1000 JavaThread "C2 CompilerThread1" daemon [_thread_in_native, id=4660, stack(0x0000002360200000,0x0000002360300000)]
  0x0000018617195000 JavaThread "C2 CompilerThread2" daemon [_thread_in_native, id=18844, stack(0x0000002360300000,0x0000002360400000)]
  0x00000186152e1800 JavaThread "Memory manager" [_thread_blocked, id=24676, stack(0x0000002360400000,0x0000002360500000)]

Other Threads:
  0x000001867fd45000 VMThread "VM Thread" [stack: 0x0000002357e00000,0x0000002357f00000] [id=22912]
  0x00000186119d7800 WatcherThread [stack: 0x0000002358800000,0x0000002358900000] [id=14244]
  0x0000018676894000 GCTaskThread "GC Thread#0" [stack: 0x0000002357900000,0x0000002357a00000] [id=24528]
  0x0000018611d3a800 GCTaskThread "GC Thread#1" [stack: 0x0000002358a00000,0x0000002358b00000] [id=10252]
  0x000001861221e000 GCTaskThread "GC Thread#2" [stack: 0x0000002358b00000,0x0000002358c00000] [id=10704]
  0x000001861269c000 GCTaskThread "GC Thread#3" [stack: 0x0000002358c00000,0x0000002358d00000] [id=21036]
  0x0000018614d50000 GCTaskThread "GC Thread#4" [stack: 0x0000002359900000,0x0000002359a00000] [id=2844]
  0x0000018614e3e800 GCTaskThread "GC Thread#5" [stack: 0x0000002359a00000,0x0000002359b00000] [id=11588]
  0x00000186149d5800 GCTaskThread "GC Thread#6" [stack: 0x0000002359b00000,0x0000002359c00000] [id=24020]
  0x00000186149d6000 GCTaskThread "GC Thread#7" [stack: 0x0000002359c00000,0x0000002359d00000] [id=23576]
  0x00000186768c5800 ConcurrentGCThread "G1 Main Marker" [stack: 0x0000002357a00000,0x0000002357b00000] [id=18168]
  0x00000186768c6800 ConcurrentGCThread "G1 Conc#0" [stack: 0x0000002357b00000,0x0000002357c00000] [id=19704]
  0x0000018613134800 ConcurrentGCThread "G1 Conc#1" [stack: 0x0000002359d00000,0x0000002359e00000] [id=3976]
  0x000001867fb92800 ConcurrentGCThread "G1 Refine#0" [stack: 0x0000002357c00000,0x0000002357d00000] [id=10592]
  0x000001867695e000 ConcurrentGCThread "G1 Young RemSet Sampling" [stack: 0x0000002357d00000,0x0000002357e00000] [id=15260]

Threads with active compile tasks:
C2 CompilerThread0  38634 6639       4       org.gradle.internal.service.DefaultServiceRegistry$SingletonService::get (5 bytes)
C2 CompilerThread1  38634 6618   !   4       com.google.common.reflect.TypeVisitor::visit (244 bytes)
C2 CompilerThread2  38634 6779       4       org.objectweb.asm.Frame::execute (2318 bytes)

VM state:not at safepoint (normal execution)

VM Mutex/Monitor currently owned by a thread: None

Heap address: 0x0000000080000000, size: 2048 MB, Compressed Oops mode: 32-bit
Narrow klass base: 0x0000000000000000, Narrow klass shift: 3
Compressed class space size: 1073741824 Address: 0x0000000100000000

Heap:
 garbage-first heap   total 196608K, used 75511K [0x0000000080000000, 0x0000000100000000)
  region size 1024K, 23 young (23552K), 3 survivors (3072K)
 Metaspace       used 61494K, capacity 63082K, committed 63344K, reserved 1107968K
  class space    used 7668K, capacity 8274K, committed 8396K, reserved 1048576K
Heap Regions: E=young(eden), S=young(survivor), O=old, HS=humongous(starts), HC=humongous(continues), CS=collection set, F=free, A=archive, TAMS=top-at-mark-start (previous, next)
|   0|0x0000000080000000, 0x0000000080100000, 0x0000000080100000|100%| O|  |TAMS 0x0000000080100000, 0x0000000080000000| Untracked 
|   1|0x0000000080100000, 0x0000000080200000, 0x0000000080200000|100%| O|  |TAMS 0x0000000080200000, 0x0000000080100000| Untracked 
|   2|0x0000000080200000, 0x0000000080300000, 0x0000000080300000|100%| O|  |TAMS 0x0000000080300000, 0x0000000080200000| Untracked 
|   3|0x0000000080300000, 0x0000000080400000, 0x0000000080400000|100%|HS|  |TAMS 0x0000000080400000, 0x0000000080300000| Complete 
|   4|0x0000000080400000, 0x0000000080500000, 0x0000000080500000|100%|HC|  |TAMS 0x0000000080500000, 0x0000000080400000| Complete 
|   5|0x0000000080500000, 0x0000000080600000, 0x0000000080600000|100%|HC|  |TAMS 0x0000000080600000, 0x0000000080500000| Complete 
|   6|0x0000000080600000, 0x0000000080700000, 0x0000000080700000|100%| O|  |TAMS 0x0000000080700000, 0x0000000080600000| Untracked 
|   7|0x0000000080700000, 0x0000000080800000, 0x0000000080800000|100%| O|  |TAMS 0x0000000080800000, 0x0000000080700000| Untracked 
|   8|0x0000000080800000, 0x0000000080900000, 0x0000000080900000|100%| O|  |TAMS 0x0000000080900000, 0x0000000080800000| Untracked 
|   9|0x0000000080900000, 0x0000000080a00000, 0x0000000080a00000|100%| O|  |TAMS 0x0000000080a00000, 0x0000000080900000| Untracked 
|  10|0x0000000080a00000, 0x0000000080b00000, 0x0000000080b00000|100%| O|  |TAMS 0x0000000080b00000, 0x0000000080a00000| Untracked 
|  11|0x0000000080b00000, 0x0000000080c00000, 0x0000000080c00000|100%| O|  |TAMS 0x0000000080c00000, 0x0000000080b00000| Untracked 
|  12|0x0000000080c00000, 0x0000000080d00000, 0x0000000080d00000|100%| O|  |TAMS 0x0000000080d00000, 0x0000000080c00000| Untracked 
|  13|0x0000000080d00000, 0x0000000080e00000, 0x0000000080e00000|100%| O|  |TAMS 0x0000000080e00000, 0x0000000080d00000| Untracked 
|  14|0x0000000080e00000, 0x0000000080f00000, 0x0000000080f00000|100%| O|  |TAMS 0x0000000080f00000, 0x0000000080e00000| Untracked 
|  15|0x0000000080f00000, 0x0000000081000000, 0x0000000081000000|100%| O|  |TAMS 0x0000000081000000, 0x0000000080f00000| Untracked 
|  16|0x0000000081000000, 0x0000000081100000, 0x0000000081100000|100%| O|  |TAMS 0x0000000081100000, 0x0000000081000000| Untracked 
|  17|0x0000000081100000, 0x0000000081200000, 0x0000000081200000|100%| O|  |TAMS 0x0000000081200000, 0x0000000081100000| Untracked 
|  18|0x0000000081200000, 0x0000000081300000, 0x0000000081300000|100%| O|  |TAMS 0x0000000081300000, 0x0000000081200000| Untracked 
|  19|0x0000000081300000, 0x0000000081400000, 0x0000000081400000|100%| O|  |TAMS 0x0000000081400000, 0x0000000081300000| Untracked 
|  20|0x0000000081400000, 0x0000000081500000, 0x0000000081500000|100%| O|  |TAMS 0x0000000081500000, 0x0000000081400000| Untracked 
|  21|0x0000000081500000, 0x0000000081600000, 0x0000000081600000|100%| O|  |TAMS 0x0000000081600000, 0x0000000081500000| Untracked 
|  22|0x0000000081600000, 0x0000000081700000, 0x0000000081700000|100%|HS|  |TAMS 0x0000000081700000, 0x0000000081600000| Complete 
|  23|0x0000000081700000, 0x0000000081800000, 0x0000000081800000|100%|HS|  |TAMS 0x0000000081800000, 0x0000000081700000| Complete 
|  24|0x0000000081800000, 0x0000000081900000, 0x0000000081900000|100%|HS|  |TAMS 0x0000000081900000, 0x0000000081800000| Complete 
|  25|0x0000000081900000, 0x0000000081a00000, 0x0000000081a00000|100%|HS|  |TAMS 0x0000000081a00000, 0x0000000081900000| Complete 
|  26|0x0000000081a00000, 0x0000000081b00000, 0x0000000081b00000|100%|HC|  |TAMS 0x0000000081b00000, 0x0000000081a00000| Complete 
|  27|0x0000000081b00000, 0x0000000081c00000, 0x0000000081c00000|100%|HC|  |TAMS 0x0000000081c00000, 0x0000000081b00000| Complete 
|  28|0x0000000081c00000, 0x0000000081d00000, 0x0000000081d00000|100%|HC|  |TAMS 0x0000000081d00000, 0x0000000081c00000| Complete 
|  29|0x0000000081d00000, 0x0000000081e00000, 0x0000000081e00000|100%| O|  |TAMS 0x0000000081e00000, 0x0000000081d00000| Untracked 
|  30|0x0000000081e00000, 0x0000000081f00000, 0x0000000081f00000|100%|HS|  |TAMS 0x0000000081f00000, 0x0000000081e00000| Complete 
|  31|0x0000000081f00000, 0x0000000082000000, 0x0000000082000000|100%|HC|  |TAMS 0x0000000082000000, 0x0000000081f00000| Complete 
|  32|0x0000000082000000, 0x0000000082100000, 0x0000000082100000|100%| O|  |TAMS 0x0000000082100000, 0x0000000082000000| Untracked 
|  33|0x0000000082100000, 0x0000000082200000, 0x0000000082200000|100%| O|  |TAMS 0x0000000082200000, 0x0000000082100000| Untracked 
|  34|0x0000000082200000, 0x0000000082300000, 0x0000000082300000|100%| O|  |TAMS 0x0000000082300000, 0x0000000082200000| Untracked 
|  35|0x0000000082300000, 0x0000000082400000, 0x0000000082400000|100%| O|  |TAMS 0x0000000082400000, 0x0000000082300000| Untracked 
|  36|0x0000000082400000, 0x0000000082500000, 0x0000000082500000|100%| O|  |TAMS 0x0000000082500000, 0x0000000082400000| Untracked 
|  37|0x0000000082500000, 0x0000000082600000, 0x0000000082600000|100%| O|  |TAMS 0x0000000082600000, 0x0000000082500000| Untracked 
|  38|0x0000000082600000, 0x0000000082700000, 0x0000000082700000|100%| O|  |TAMS 0x0000000082700000, 0x0000000082600000| Untracked 
|  39|0x0000000082700000, 0x0000000082800000, 0x0000000082800000|100%| O|  |TAMS 0x0000000082800000, 0x0000000082700000| Untracked 
|  40|0x0000000082800000, 0x0000000082900000, 0x0000000082900000|100%| O|  |TAMS 0x0000000082900000, 0x0000000082800000| Untracked 
|  41|0x0000000082900000, 0x0000000082a00000, 0x0000000082a00000|100%| O|  |TAMS 0x0000000082a00000, 0x0000000082900000| Untracked 
|  42|0x0000000082a00000, 0x0000000082b00000, 0x0000000082b00000|100%| O|  |TAMS 0x0000000082b00000, 0x0000000082a00000| Untracked 
|  43|0x0000000082b00000, 0x0000000082c00000, 0x0000000082c00000|100%| O|  |TAMS 0x0000000082c00000, 0x0000000082b00000| Untracked 
|  44|0x0000000082c00000, 0x0000000082d00000, 0x0000000082d00000|100%| O|  |TAMS 0x0000000082d00000, 0x0000000082c00000| Untracked 
|  45|0x0000000082d00000, 0x0000000082e00000, 0x0000000082e00000|100%| O|  |TAMS 0x0000000082e00000, 0x0000000082d00000| Untracked 
|  46|0x0000000082e00000, 0x0000000082f00000, 0x0000000082f00000|100%| O|  |TAMS 0x0000000082f00000, 0x0000000082e00000| Untracked 
|  47|0x0000000082f00000, 0x0000000083000000, 0x0000000083000000|100%| O|  |TAMS 0x0000000083000000, 0x0000000082f00000| Untracked 
|  48|0x0000000083000000, 0x0000000083100000, 0x0000000083100000|100%| O|  |TAMS 0x0000000083100000, 0x0000000083000000| Untracked 
|  49|0x0000000083100000, 0x0000000083200000, 0x0000000083200000|100%| O|  |TAMS 0x0000000083200000, 0x0000000083100000| Untracked 
|  50|0x0000000083200000, 0x0000000083300000, 0x0000000083300000|100%| O|  |TAMS 0x0000000083300000, 0x0000000083200000| Untracked 
|  51|0x0000000083300000, 0x0000000083400000, 0x0000000083400000|100%| O|  |TAMS 0x0000000083400000, 0x0000000083300000| Untracked 
|  52|0x0000000083400000, 0x0000000083477e00, 0x0000000083500000| 46%| O|  |TAMS 0x0000000083477e00, 0x0000000083400000| Untracked 
|  53|0x0000000083500000, 0x0000000083500000, 0x0000000083600000|  0%| F|  |TAMS 0x0000000083500000, 0x0000000083500000| Untracked 
|  54|0x0000000083600000, 0x0000000083600000, 0x0000000083700000|  0%| F|  |TAMS 0x0000000083600000, 0x0000000083600000| Untracked 
|  55|0x0000000083700000, 0x0000000083700000, 0x0000000083800000|  0%| F|  |TAMS 0x0000000083700000, 0x0000000083700000| Untracked 
|  56|0x0000000083800000, 0x0000000083800000, 0x0000000083900000|  0%| F|  |TAMS 0x0000000083800000, 0x0000000083800000| Untracked 
|  57|0x0000000083900000, 0x0000000083900000, 0x0000000083a00000|  0%| F|  |TAMS 0x0000000083900000, 0x0000000083900000| Untracked 
|  58|0x0000000083a00000, 0x0000000083a00000, 0x0000000083b00000|  0%| F|  |TAMS 0x0000000083a00000, 0x0000000083a00000| Untracked 
|  59|0x0000000083b00000, 0x0000000083b00000, 0x0000000083c00000|  0%| F|  |TAMS 0x0000000083b00000, 0x0000000083b00000| Untracked 
|  60|0x0000000083c00000, 0x0000000083c00000, 0x0000000083d00000|  0%| F|  |TAMS 0x0000000083c00000, 0x0000000083c00000| Untracked 
|  61|0x0000000083d00000, 0x0000000083d00000, 0x0000000083e00000|  0%| F|  |TAMS 0x0000000083d00000, 0x0000000083d00000| Untracked 
|  62|0x0000000083e00000, 0x0000000083e00000, 0x0000000083f00000|  0%| F|  |TAMS 0x0000000083e00000, 0x0000000083e00000| Untracked 
|  63|0x0000000083f00000, 0x0000000083f00000, 0x0000000084000000|  0%| F|  |TAMS 0x0000000083f00000, 0x0000000083f00000| Untracked 
|  64|0x0000000084000000, 0x0000000084000000, 0x0000000084100000|  0%| F|  |TAMS 0x0000000084000000, 0x0000000084000000| Untracked 
|  65|0x0000000084100000, 0x0000000084100000, 0x0000000084200000|  0%| F|  |TAMS 0x0000000084100000, 0x0000000084100000| Untracked 
|  66|0x0000000084200000, 0x0000000084200000, 0x0000000084300000|  0%| F|  |TAMS 0x0000000084200000, 0x0000000084200000| Untracked 
|  67|0x0000000084300000, 0x0000000084300000, 0x0000000084400000|  0%| F|  |TAMS 0x0000000084300000, 0x0000000084300000| Untracked 
|  68|0x0000000084400000, 0x0000000084400000, 0x0000000084500000|  0%| F|  |TAMS 0x0000000084400000, 0x0000000084400000| Untracked 
|  69|0x0000000084500000, 0x0000000084500000, 0x0000000084600000|  0%| F|  |TAMS 0x0000000084500000, 0x0000000084500000| Untracked 
|  70|0x0000000084600000, 0x0000000084600000, 0x0000000084700000|  0%| F|  |TAMS 0x0000000084600000, 0x0000000084600000| Untracked 
|  71|0x0000000084700000, 0x0000000084700000, 0x0000000084800000|  0%| F|  |TAMS 0x0000000084700000, 0x0000000084700000| Untracked 
|  72|0x0000000084800000, 0x0000000084800000, 0x0000000084900000|  0%| F|  |TAMS 0x0000000084800000, 0x0000000084800000| Untracked 
|  73|0x0000000084900000, 0x0000000084900000, 0x0000000084a00000|  0%| F|  |TAMS 0x0000000084900000, 0x0000000084900000| Untracked 
|  74|0x0000000084a00000, 0x0000000084a00000, 0x0000000084b00000|  0%| F|  |TAMS 0x0000000084a00000, 0x0000000084a00000| Untracked 
|  75|0x0000000084b00000, 0x0000000084b00000, 0x0000000084c00000|  0%| F|  |TAMS 0x0000000084b00000, 0x0000000084b00000| Untracked 
|  76|0x0000000084c00000, 0x0000000084c00000, 0x0000000084d00000|  0%| F|  |TAMS 0x0000000084c00000, 0x0000000084c00000| Untracked 
|  77|0x0000000084d00000, 0x0000000084d00000, 0x0000000084e00000|  0%| F|  |TAMS 0x0000000084d00000, 0x0000000084d00000| Untracked 
|  78|0x0000000084e00000, 0x0000000084e00000, 0x0000000084f00000|  0%| F|  |TAMS 0x0000000084e00000, 0x0000000084e00000| Untracked 
|  79|0x0000000084f00000, 0x0000000084f00000, 0x0000000085000000|  0%| F|  |TAMS 0x0000000084f00000, 0x0000000084f00000| Untracked 
|  80|0x0000000085000000, 0x0000000085000000, 0x0000000085100000|  0%| F|  |TAMS 0x0000000085000000, 0x0000000085000000| Untracked 
|  81|0x0000000085100000, 0x0000000085100000, 0x0000000085200000|  0%| F|  |TAMS 0x0000000085100000, 0x0000000085100000| Untracked 
|  82|0x0000000085200000, 0x0000000085200000, 0x0000000085300000|  0%| F|  |TAMS 0x0000000085200000, 0x0000000085200000| Untracked 
|  83|0x0000000085300000, 0x0000000085300000, 0x0000000085400000|  0%| F|  |TAMS 0x0000000085300000, 0x0000000085300000| Untracked 
|  84|0x0000000085400000, 0x0000000085400000, 0x0000000085500000|  0%| F|  |TAMS 0x0000000085400000, 0x0000000085400000| Untracked 
|  85|0x0000000085500000, 0x0000000085500000, 0x0000000085600000|  0%| F|  |TAMS 0x0000000085500000, 0x0000000085500000| Untracked 
|  86|0x0000000085600000, 0x0000000085600000, 0x0000000085700000|  0%| F|  |TAMS 0x0000000085600000, 0x0000000085600000| Untracked 
|  87|0x0000000085700000, 0x0000000085700000, 0x0000000085800000|  0%| F|  |TAMS 0x0000000085700000, 0x0000000085700000| Untracked 
|  88|0x0000000085800000, 0x0000000085800000, 0x0000000085900000|  0%| F|  |TAMS 0x0000000085800000, 0x0000000085800000| Untracked 
|  89|0x0000000085900000, 0x0000000085900000, 0x0000000085a00000|  0%| F|  |TAMS 0x0000000085900000, 0x0000000085900000| Untracked 
|  90|0x0000000085a00000, 0x0000000085a00000, 0x0000000085b00000|  0%| F|  |TAMS 0x0000000085a00000, 0x0000000085a00000| Untracked 
|  91|0x0000000085b00000, 0x0000000085b00000, 0x0000000085c00000|  0%| F|  |TAMS 0x0000000085b00000, 0x0000000085b00000| Untracked 
|  92|0x0000000085c00000, 0x0000000085c00000, 0x0000000085d00000|  0%| F|  |TAMS 0x0000000085c00000, 0x0000000085c00000| Untracked 
|  93|0x0000000085d00000, 0x0000000085d00000, 0x0000000085e00000|  0%| F|  |TAMS 0x0000000085d00000, 0x0000000085d00000| Untracked 
|  94|0x0000000085e00000, 0x0000000085e00000, 0x0000000085f00000|  0%| F|  |TAMS 0x0000000085e00000, 0x0000000085e00000| Untracked 
|  95|0x0000000085f00000, 0x0000000085f00000, 0x0000000086000000|  0%| F|  |TAMS 0x0000000085f00000, 0x0000000085f00000| Untracked 
|  96|0x0000000086000000, 0x0000000086000000, 0x0000000086100000|  0%| F|  |TAMS 0x0000000086000000, 0x0000000086000000| Untracked 
|  97|0x0000000086100000, 0x0000000086100000, 0x0000000086200000|  0%| F|  |TAMS 0x0000000086100000, 0x0000000086100000| Untracked 
|  98|0x0000000086200000, 0x0000000086200000, 0x0000000086300000|  0%| F|  |TAMS 0x0000000086200000, 0x0000000086200000| Untracked 
|  99|0x0000000086300000, 0x0000000086300000, 0x0000000086400000|  0%| F|  |TAMS 0x0000000086300000, 0x0000000086300000| Untracked 
| 100|0x0000000086400000, 0x0000000086400000, 0x0000000086500000|  0%| F|  |TAMS 0x0000000086400000, 0x0000000086400000| Untracked 
| 101|0x0000000086500000, 0x0000000086500000, 0x0000000086600000|  0%| F|  |TAMS 0x0000000086500000, 0x0000000086500000| Untracked 
| 102|0x0000000086600000, 0x0000000086600000, 0x0000000086700000|  0%| F|  |TAMS 0x0000000086600000, 0x0000000086600000| Untracked 
| 103|0x0000000086700000, 0x0000000086700000, 0x0000000086800000|  0%| F|  |TAMS 0x0000000086700000, 0x0000000086700000| Untracked 
| 104|0x0000000086800000, 0x0000000086800000, 0x0000000086900000|  0%| F|  |TAMS 0x0000000086800000, 0x0000000086800000| Untracked 
| 105|0x0000000086900000, 0x0000000086900000, 0x0000000086a00000|  0%| F|  |TAMS 0x0000000086900000, 0x0000000086900000| Untracked 
| 106|0x0000000086a00000, 0x0000000086a00000, 0x0000000086b00000|  0%| F|  |TAMS 0x0000000086a00000, 0x0000000086a00000| Untracked 
| 107|0x0000000086b00000, 0x0000000086b00000, 0x0000000086c00000|  0%| F|  |TAMS 0x0000000086b00000, 0x0000000086b00000| Untracked 
| 108|0x0000000086c00000, 0x0000000086c00000, 0x0000000086d00000|  0%| F|  |TAMS 0x0000000086c00000, 0x0000000086c00000| Untracked 
| 109|0x0000000086d00000, 0x0000000086d00000, 0x0000000086e00000|  0%| F|  |TAMS 0x0000000086d00000, 0x0000000086d00000| Untracked 
| 110|0x0000000086e00000, 0x0000000086e00000, 0x0000000086f00000|  0%| F|  |TAMS 0x0000000086e00000, 0x0000000086e00000| Untracked 
| 111|0x0000000086f00000, 0x0000000086f00000, 0x0000000087000000|  0%| F|  |TAMS 0x0000000086f00000, 0x0000000086f00000| Untracked 
| 112|0x0000000087000000, 0x0000000087000000, 0x0000000087100000|  0%| F|  |TAMS 0x0000000087000000, 0x0000000087000000| Untracked 
| 113|0x0000000087100000, 0x0000000087100000, 0x0000000087200000|  0%| F|  |TAMS 0x0000000087100000, 0x0000000087100000| Untracked 
| 114|0x0000000087200000, 0x0000000087200000, 0x0000000087300000|  0%| F|  |TAMS 0x0000000087200000, 0x0000000087200000| Untracked 
| 115|0x0000000087300000, 0x0000000087300000, 0x0000000087400000|  0%| F|  |TAMS 0x0000000087300000, 0x0000000087300000| Untracked 
| 116|0x0000000087400000, 0x0000000087400000, 0x0000000087500000|  0%| F|  |TAMS 0x0000000087400000, 0x0000000087400000| Untracked 
| 117|0x0000000087500000, 0x0000000087500000, 0x0000000087600000|  0%| F|  |TAMS 0x0000000087500000, 0x0000000087500000| Untracked 
| 118|0x0000000087600000, 0x0000000087600000, 0x0000000087700000|  0%| F|  |TAMS 0x0000000087600000, 0x0000000087600000| Untracked 
| 119|0x0000000087700000, 0x0000000087700000, 0x0000000087800000|  0%| F|  |TAMS 0x0000000087700000, 0x0000000087700000| Untracked 
| 120|0x0000000087800000, 0x0000000087800000, 0x0000000087900000|  0%| F|  |TAMS 0x0000000087800000, 0x0000000087800000| Untracked 
| 121|0x0000000087900000, 0x0000000087900000, 0x0000000087a00000|  0%| F|  |TAMS 0x0000000087900000, 0x0000000087900000| Untracked 
| 122|0x0000000087a00000, 0x0000000087a00000, 0x0000000087b00000|  0%| F|  |TAMS 0x0000000087a00000, 0x0000000087a00000| Untracked 
| 123|0x0000000087b00000, 0x0000000087b00000, 0x0000000087c00000|  0%| F|  |TAMS 0x0000000087b00000, 0x0000000087b00000| Untracked 
| 124|0x0000000087c00000, 0x0000000087c00000, 0x0000000087d00000|  0%| F|  |TAMS 0x0000000087c00000, 0x0000000087c00000| Untracked 
| 125|0x0000000087d00000, 0x0000000087d00000, 0x0000000087e00000|  0%| F|  |TAMS 0x0000000087d00000, 0x0000000087d00000| Untracked 
| 126|0x0000000087e00000, 0x0000000087e00000, 0x0000000087f00000|  0%| F|  |TAMS 0x0000000087e00000, 0x0000000087e00000| Untracked 
| 127|0x0000000087f00000, 0x0000000087f00000, 0x0000000088000000|  0%| F|  |TAMS 0x0000000087f00000, 0x0000000087f00000| Untracked 
| 128|0x0000000088000000, 0x0000000088000000, 0x0000000088100000|  0%| F|  |TAMS 0x0000000088000000, 0x0000000088000000| Untracked 
| 129|0x0000000088100000, 0x0000000088100000, 0x0000000088200000|  0%| F|  |TAMS 0x0000000088100000, 0x0000000088100000| Untracked 
| 130|0x0000000088200000, 0x0000000088200000, 0x0000000088300000|  0%| F|  |TAMS 0x0000000088200000, 0x0000000088200000| Untracked 
| 131|0x0000000088300000, 0x0000000088300000, 0x0000000088400000|  0%| F|  |TAMS 0x0000000088300000, 0x0000000088300000| Untracked 
| 132|0x0000000088400000, 0x0000000088400000, 0x0000000088500000|  0%| F|  |TAMS 0x0000000088400000, 0x0000000088400000| Untracked 
| 133|0x0000000088500000, 0x0000000088500000, 0x0000000088600000|  0%| F|  |TAMS 0x0000000088500000, 0x0000000088500000| Untracked 
| 134|0x0000000088600000, 0x0000000088600000, 0x0000000088700000|  0%| F|  |TAMS 0x0000000088600000, 0x0000000088600000| Untracked 
| 135|0x0000000088700000, 0x0000000088700000, 0x0000000088800000|  0%| F|  |TAMS 0x0000000088700000, 0x0000000088700000| Untracked 
| 136|0x0000000088800000, 0x0000000088800000, 0x0000000088900000|  0%| F|  |TAMS 0x0000000088800000, 0x0000000088800000| Untracked 
| 137|0x0000000088900000, 0x0000000088900000, 0x0000000088a00000|  0%| F|  |TAMS 0x0000000088900000, 0x0000000088900000| Untracked 
| 138|0x0000000088a00000, 0x0000000088a00000, 0x0000000088b00000|  0%| F|  |TAMS 0x0000000088a00000, 0x0000000088a00000| Untracked 
| 139|0x0000000088b00000, 0x0000000088b00000, 0x0000000088c00000|  0%| F|  |TAMS 0x0000000088b00000, 0x0000000088b00000| Untracked 
| 140|0x0000000088c00000, 0x0000000088c00000, 0x0000000088d00000|  0%| F|  |TAMS 0x0000000088c00000, 0x0000000088c00000| Untracked 
| 141|0x0000000088d00000, 0x0000000088d00000, 0x0000000088e00000|  0%| F|  |TAMS 0x0000000088d00000, 0x0000000088d00000| Untracked 
| 142|0x0000000088e00000, 0x0000000088e00000, 0x0000000088f00000|  0%| F|  |TAMS 0x0000000088e00000, 0x0000000088e00000| Untracked 
| 143|0x0000000088f00000, 0x0000000088f00000, 0x0000000089000000|  0%| F|  |TAMS 0x0000000088f00000, 0x0000000088f00000| Untracked 
| 144|0x0000000089000000, 0x0000000089000000, 0x0000000089100000|  0%| F|  |TAMS 0x0000000089000000, 0x0000000089000000| Untracked 
| 145|0x0000000089100000, 0x0000000089100000, 0x0000000089200000|  0%| F|  |TAMS 0x0000000089100000, 0x0000000089100000| Untracked 
| 146|0x0000000089200000, 0x0000000089200000, 0x0000000089300000|  0%| F|  |TAMS 0x0000000089200000, 0x0000000089200000| Untracked 
| 147|0x0000000089300000, 0x0000000089300000, 0x0000000089400000|  0%| F|  |TAMS 0x0000000089300000, 0x0000000089300000| Untracked 
| 148|0x0000000089400000, 0x0000000089400000, 0x0000000089500000|  0%| F|  |TAMS 0x0000000089400000, 0x0000000089400000| Untracked 
| 149|0x0000000089500000, 0x0000000089500000, 0x0000000089600000|  0%| F|  |TAMS 0x0000000089500000, 0x0000000089500000| Untracked 
| 150|0x0000000089600000, 0x0000000089600000, 0x0000000089700000|  0%| F|  |TAMS 0x0000000089600000, 0x0000000089600000| Untracked 
| 151|0x0000000089700000, 0x0000000089700000, 0x0000000089800000|  0%| F|  |TAMS 0x0000000089700000, 0x0000000089700000| Untracked 
| 152|0x0000000089800000, 0x0000000089800000, 0x0000000089900000|  0%| F|  |TAMS 0x0000000089800000, 0x0000000089800000| Untracked 
| 153|0x0000000089900000, 0x0000000089900000, 0x0000000089a00000|  0%| F|  |TAMS 0x0000000089900000, 0x0000000089900000| Untracked 
| 154|0x0000000089a00000, 0x0000000089a00000, 0x0000000089b00000|  0%| F|  |TAMS 0x0000000089a00000, 0x0000000089a00000| Untracked 
| 155|0x0000000089b00000, 0x0000000089b00000, 0x0000000089c00000|  0%| F|  |TAMS 0x0000000089b00000, 0x0000000089b00000| Untracked 
| 156|0x0000000089c00000, 0x0000000089c00000, 0x0000000089d00000|  0%| F|  |TAMS 0x0000000089c00000, 0x0000000089c00000| Untracked 
| 157|0x0000000089d00000, 0x0000000089d00000, 0x0000000089e00000|  0%| F|  |TAMS 0x0000000089d00000, 0x0000000089d00000| Untracked 
| 158|0x0000000089e00000, 0x0000000089e00000, 0x0000000089f00000|  0%| F|  |TAMS 0x0000000089e00000, 0x0000000089e00000| Untracked 
| 159|0x0000000089f00000, 0x0000000089f00000, 0x000000008a000000|  0%| F|  |TAMS 0x0000000089f00000, 0x0000000089f00000| Untracked 
| 160|0x000000008a000000, 0x000000008a000000, 0x000000008a100000|  0%| F|  |TAMS 0x000000008a000000, 0x000000008a000000| Untracked 
| 161|0x000000008a100000, 0x000000008a100000, 0x000000008a200000|  0%| F|  |TAMS 0x000000008a100000, 0x000000008a100000| Untracked 
| 162|0x000000008a200000, 0x000000008a200000, 0x000000008a300000|  0%| F|  |TAMS 0x000000008a200000, 0x000000008a200000| Untracked 
| 163|0x000000008a300000, 0x000000008a300000, 0x000000008a400000|  0%| F|  |TAMS 0x000000008a300000, 0x000000008a300000| Untracked 
| 164|0x000000008a400000, 0x000000008a400000, 0x000000008a500000|  0%| F|  |TAMS 0x000000008a400000, 0x000000008a400000| Untracked 
| 165|0x000000008a500000, 0x000000008a500000, 0x000000008a600000|  0%| F|  |TAMS 0x000000008a500000, 0x000000008a500000| Untracked 
| 166|0x000000008a600000, 0x000000008a646030, 0x000000008a700000| 27%| S|CS|TAMS 0x000000008a600000, 0x000000008a600000| Complete 
| 167|0x000000008a700000, 0x000000008a800000, 0x000000008a800000|100%| S|CS|TAMS 0x000000008a700000, 0x000000008a700000| Complete 
| 168|0x000000008a800000, 0x000000008a900000, 0x000000008a900000|100%| S|CS|TAMS 0x000000008a800000, 0x000000008a800000| Complete 
| 169|0x000000008a900000, 0x000000008a900000, 0x000000008aa00000|  0%| F|  |TAMS 0x000000008a900000, 0x000000008a900000| Untracked 
| 170|0x000000008aa00000, 0x000000008aa00000, 0x000000008ab00000|  0%| F|  |TAMS 0x000000008aa00000, 0x000000008aa00000| Untracked 
| 171|0x000000008ab00000, 0x000000008ab80800, 0x000000008ac00000| 50%| E|  |TAMS 0x000000008ab00000, 0x000000008ab00000| Complete 
| 172|0x000000008ac00000, 0x000000008ad00000, 0x000000008ad00000|100%| E|CS|TAMS 0x000000008ac00000, 0x000000008ac00000| Complete 
| 173|0x000000008ad00000, 0x000000008ae00000, 0x000000008ae00000|100%| E|CS|TAMS 0x000000008ad00000, 0x000000008ad00000| Complete 
| 174|0x000000008ae00000, 0x000000008af00000, 0x000000008af00000|100%| E|CS|TAMS 0x000000008ae00000, 0x000000008ae00000| Complete 
| 175|0x000000008af00000, 0x000000008b000000, 0x000000008b000000|100%| E|CS|TAMS 0x000000008af00000, 0x000000008af00000| Complete 
| 176|0x000000008b000000, 0x000000008b100000, 0x000000008b100000|100%| E|CS|TAMS 0x000000008b000000, 0x000000008b000000| Complete 
| 177|0x000000008b100000, 0x000000008b200000, 0x000000008b200000|100%| E|CS|TAMS 0x000000008b100000, 0x000000008b100000| Complete 
| 178|0x000000008b200000, 0x000000008b300000, 0x000000008b300000|100%| E|CS|TAMS 0x000000008b200000, 0x000000008b200000| Complete 
| 179|0x000000008b300000, 0x000000008b400000, 0x000000008b400000|100%| E|CS|TAMS 0x000000008b300000, 0x000000008b300000| Complete 
| 180|0x000000008b400000, 0x000000008b500000, 0x000000008b500000|100%| E|CS|TAMS 0x000000008b400000, 0x000000008b400000| Complete 
| 181|0x000000008b500000, 0x000000008b600000, 0x000000008b600000|100%| E|CS|TAMS 0x000000008b500000, 0x000000008b500000| Complete 
| 182|0x000000008b600000, 0x000000008b700000, 0x000000008b700000|100%| E|CS|TAMS 0x000000008b600000, 0x000000008b600000| Complete 
| 183|0x000000008b700000, 0x000000008b800000, 0x000000008b800000|100%| E|CS|TAMS 0x000000008b700000, 0x000000008b700000| Complete 
| 184|0x000000008b800000, 0x000000008b900000, 0x000000008b900000|100%| E|CS|TAMS 0x000000008b800000, 0x000000008b800000| Complete 
| 185|0x000000008b900000, 0x000000008ba00000, 0x000000008ba00000|100%| E|CS|TAMS 0x000000008b900000, 0x000000008b900000| Complete 
| 186|0x000000008ba00000, 0x000000008bb00000, 0x000000008bb00000|100%| E|CS|TAMS 0x000000008ba00000, 0x000000008ba00000| Complete 
| 187|0x000000008bb00000, 0x000000008bc00000, 0x000000008bc00000|100%| E|CS|TAMS 0x000000008bb00000, 0x000000008bb00000| Complete 
| 188|0x000000008bc00000, 0x000000008bd00000, 0x000000008bd00000|100%| E|CS|TAMS 0x000000008bc00000, 0x000000008bc00000| Complete 
| 189|0x000000008bd00000, 0x000000008be00000, 0x000000008be00000|100%| E|CS|TAMS 0x000000008bd00000, 0x000000008bd00000| Complete 
| 190|0x000000008be00000, 0x000000008bf00000, 0x000000008bf00000|100%| E|CS|TAMS 0x000000008be00000, 0x000000008be00000| Complete 
| 191|0x000000008bf00000, 0x000000008c000000, 0x000000008c000000|100%| E|CS|TAMS 0x000000008bf00000, 0x000000008bf00000| Complete 

Card table byte_map: [0x000001867aad0000,0x000001867aed0000] _byte_map_base: 0x000001867a6d0000

Marking Bits (Prev, Next): (CMBitMap*) 0x00000186768bcea0, (CMBitMap*) 0x00000186768bce68
 Prev Bits: [0x000001867d2d0000, 0x000001867f2d0000)
 Next Bits: [0x000001867b2d0000, 0x000001867d2d0000)

Polling page: 0x0000018676060000

Metaspace:

Usage:
  Non-class:     53.65 MB capacity,    52.63 MB ( 98%) used,   866.61 KB (  2%) free+waste,   171.19 KB ( <1%) overhead. 
      Class:      8.11 MB capacity,     7.50 MB ( 92%) used,   546.98 KB (  7%) free+waste,    79.63 KB ( <1%) overhead. 
       Both:     61.76 MB capacity,    60.13 MB ( 97%) used,     1.38 MB (  2%) free+waste,   250.81 KB ( <1%) overhead. 

Virtual space:
  Non-class space:       58.00 MB reserved,      53.66 MB ( 93%) committed 
      Class space:        1.00 GB reserved,       8.20 MB ( <1%) committed 
             Both:        1.06 GB reserved,      61.86 MB (  6%) committed 

Chunk freelists:
   Non-Class:  12.00 KB
       Class:  14.00 KB
        Both:  26.00 KB

MaxMetaspaceSize: 17179869184.00 GB
CompressedClassSpaceSize: 1.00 GB
Initial GC threshold: 20.80 MB
Current GC threshold: 99.14 MB
CDS: off

CodeHeap 'non-profiled nmethods': size=120000Kb used=3635Kb max_used=3635Kb free=116364Kb
 bounds [0x0000018607ad0000, 0x0000018607e60000, 0x000001860f000000]
CodeHeap 'profiled nmethods': size=120000Kb used=14293Kb max_used=14293Kb free=105706Kb
 bounds [0x00000186005a0000, 0x00000186013a0000, 0x0000018607ad0000]
CodeHeap 'non-nmethods': size=5760Kb used=2326Kb max_used=2350Kb free=3433Kb
 bounds [0x0000018600000000, 0x0000018600270000, 0x00000186005a0000]
 total_blobs=7675 nmethods=6838 adapters=749
 compilation: enabled
              stopped_count=0, restarted_count=0
 full_count=0

Compilation events (20 events):
Event: 38.470 Thread 0x0000018611862800 6789       3       java.lang.invoke.DelegatingMethodHandle::chooseDelegatingForm (24 bytes)
Event: 38.471 Thread 0x0000018611862800 nmethod 6789 0x0000018601373690 code [0x0000018601373860, 0x0000018601373bc8]
Event: 38.471 Thread 0x0000018611862800 6790       3       com.google.common.reflect.Types$ClassOwnership$2::getOwnerType (14 bytes)
Event: 38.472 Thread 0x0000018611862800 nmethod 6790 0x0000018601373d10 code [0x0000018601373f20, 0x00000186013743c8]
Event: 38.472 Thread 0x0000018611862800 6791       3       com.google.common.reflect.Types::newParameterizedTypeWithOwner (44 bytes)
Event: 38.473 Thread 0x0000018611862800 nmethod 6791 0x0000018601374590 code [0x0000018601374860, 0x0000018601375508]
Event: 38.473 Thread 0x0000018611862800 6792       3       com.google.common.reflect.Types::newParameterizedType (17 bytes)
Event: 38.474 Thread 0x0000018611862800 nmethod 6792 0x0000018601375990 code [0x0000018601375bc0, 0x0000018601376158]
Event: 38.474 Thread 0x0000018611862800 6793       3       com.google.common.reflect.Types$ParameterizedTypeImpl::<init> (55 bytes)
Event: 38.475 Thread 0x0000018611862800 nmethod 6793 0x0000018601376390 code [0x0000018601376620, 0x00000186013771a8]
Event: 38.476 Thread 0x0000018611862800 6794       3       jdk.internal.loader.URLClassPath$1::next (59 bytes)
Event: 38.477 Thread 0x0000018611862800 nmethod 6794 0x0000018601377590 code [0x0000018601377780, 0x0000018601377b58]
Event: 38.477 Thread 0x0000018611862800 6795       3       java.util.Arrays::copyOf (19 bytes)
Event: 38.478 Thread 0x0000018611862800 nmethod 6795 0x0000018601377c90 code [0x0000018601377e60, 0x0000018601378148]
Event: 38.478 Thread 0x0000018611862800 6796       3       java.lang.invoke.ClassSpecializer$SpeciesData::transformHelper (56 bytes)
Event: 38.478 Thread 0x0000018611862800 nmethod 6796 0x0000018601378290 code [0x00000186013784c0, 0x0000018601378db8]
Event: 38.513 Thread 0x0000018611862800 6798       3       java.util.logging.LogManager::getProperty (9 bytes)
Event: 38.514 Thread 0x0000018611862800 nmethod 6798 0x0000018601379010 code [0x00000186013791c0, 0x0000018601379388]
Event: 38.532 Thread 0x0000018611862800 6799       3       java.lang.invoke.LambdaFormBuffer::endEdit (308 bytes)
Event: 38.533 Thread 0x0000018611862800 nmethod 6799 0x0000018601379490 code [0x0000018601379720, 0x000001860137a498]

GC Heap History (16 events):
Event: 1.588 GC heap before
{Heap before GC invocations=0 (full 0):
 garbage-first heap   total 196608K, used 29696K [0x0000000080000000, 0x0000000100000000)
  region size 1024K, 24 young (24576K), 0 survivors (0K)
 Metaspace       used 9757K, capacity 9956K, committed 10112K, reserved 1058816K
  class space    used 999K, capacity 1069K, committed 1152K, reserved 1048576K
}
Event: 1.592 GC heap after
{Heap after GC invocations=1 (full 0):
 garbage-first heap   total 196608K, used 8935K [0x0000000080000000, 0x0000000100000000)
  region size 1024K, 3 young (3072K), 3 survivors (3072K)
 Metaspace       used 9757K, capacity 9956K, committed 10112K, reserved 1058816K
  class space    used 999K, capacity 1069K, committed 1152K, reserved 1048576K
}
Event: 4.097 GC heap before
{Heap before GC invocations=1 (full 0):
 garbage-first heap   total 196608K, used 113383K [0x0000000080000000, 0x0000000100000000)
  region size 1024K, 106 young (108544K), 3 survivors (3072K)
 Metaspace       used 20783K, capacity 21189K, committed 21296K, reserved 1069056K
  class space    used 2527K, capacity 2688K, committed 2688K, reserved 1048576K
}
Event: 4.107 GC heap after
{Heap after GC invocations=2 (full 0):
 garbage-first heap   total 196608K, used 16932K [0x0000000080000000, 0x0000000100000000)
  region size 1024K, 11 young (11264K), 11 survivors (11264K)
 Metaspace       used 20783K, capacity 21189K, committed 21296K, reserved 1069056K
  class space    used 2527K, capacity 2688K, committed 2688K, reserved 1048576K
}
Event: 4.936 GC heap before
{Heap before GC invocations=3 (full 0):
 garbage-first heap   total 196608K, used 78372K [0x0000000080000000, 0x0000000100000000)
  region size 1024K, 71 young (72704K), 11 survivors (11264K)
 Metaspace       used 27000K, capacity 27605K, committed 27772K, reserved 1073152K
  class space    used 3496K, capacity 3706K, committed 3788K, reserved 1048576K
}
Event: 4.944 GC heap after
{Heap after GC invocations=4 (full 0):
 garbage-first heap   total 196608K, used 18947K [0x0000000080000000, 0x0000000100000000)
  region size 1024K, 3 young (3072K), 3 survivors (3072K)
 Metaspace       used 27000K, capacity 27605K, committed 27772K, reserved 1073152K
  class space    used 3496K, capacity 3706K, committed 3788K, reserved 1048576K
}
Event: 5.862 GC heap before
{Heap before GC invocations=4 (full 0):
 garbage-first heap   total 196608K, used 72195K [0x0000000080000000, 0x0000000100000000)
  region size 1024K, 56 young (57344K), 3 survivors (3072K)
 Metaspace       used 35165K, capacity 35946K, committed 35964K, reserved 1081344K
  class space    used 4513K, capacity 4808K, committed 4812K, reserved 1048576K
}
Event: 5.868 GC heap after
{Heap after GC invocations=5 (full 0):
 garbage-first heap   total 196608K, used 22178K [0x0000000080000000, 0x0000000100000000)
  region size 1024K, 6 young (6144K), 6 survivors (6144K)
 Metaspace       used 35165K, capacity 35946K, committed 35964K, reserved 1081344K
  class space    used 4513K, capacity 4808K, committed 4812K, reserved 1048576K
}
Event: 7.653 GC heap before
{Heap before GC invocations=6 (full 0):
 garbage-first heap   total 196608K, used 124578K [0x0000000080000000, 0x0000000100000000)
  region size 1024K, 102 young (104448K), 6 survivors (6144K)
 Metaspace       used 43754K, capacity 44768K, committed 45052K, reserved 1089536K
  class space    used 5490K, capacity 5878K, committed 5964K, reserved 1048576K
}
Event: 7.664 GC heap after
{Heap after GC invocations=7 (full 0):
 garbage-first heap   total 196608K, used 28607K [0x0000000080000000, 0x0000000100000000)
  region size 1024K, 12 young (12288K), 12 survivors (12288K)
 Metaspace       used 43754K, capacity 44768K, committed 45052K, reserved 1089536K
  class space    used 5490K, capacity 5878K, committed 5964K, reserved 1048576K
}
Event: 11.854 GC heap before
{Heap before GC invocations=7 (full 0):
 garbage-first heap   total 196608K, used 129983K [0x0000000080000000, 0x0000000100000000)
  region size 1024K, 111 young (113664K), 12 survivors (12288K)
 Metaspace       used 48605K, capacity 49852K, committed 50172K, reserved 1093632K
  class space    used 6123K, capacity 6611K, committed 6732K, reserved 1048576K
}
Event: 11.873 GC heap after
{Heap after GC invocations=8 (full 0):
 garbage-first heap   total 196608K, used 34488K [0x0000000080000000, 0x0000000100000000)
  region size 1024K, 13 young (13312K), 13 survivors (13312K)
 Metaspace       used 48605K, capacity 49852K, committed 50172K, reserved 1093632K
  class space    used 6123K, capacity 6611K, committed 6732K, reserved 1048576K
}
Event: 37.832 GC heap before
{Heap before GC invocations=8 (full 0):
 garbage-first heap   total 196608K, used 145080K [0x0000000080000000, 0x0000000100000000)
  region size 1024K, 112 young (114688K), 13 survivors (13312K)
 Metaspace       used 55326K, capacity 56847K, committed 56956K, reserved 1099776K
  class space    used 6931K, capacity 7540K, committed 7628K, reserved 1048576K
}
Event: 37.846 GC heap after
{Heap after GC invocations=9 (full 0):
 garbage-first heap   total 196608K, used 53064K [0x0000000080000000, 0x0000000100000000)
  region size 1024K, 14 young (14336K), 14 survivors (14336K)
 Metaspace       used 55326K, capacity 56847K, committed 56956K, reserved 1099776K
  class space    used 6931K, capacity 7540K, committed 7628K, reserved 1048576K
}
Event: 38.217 GC heap before
{Heap before GC invocations=9 (full 0):
 garbage-first heap   total 196608K, used 75592K [0x0000000080000000, 0x0000000100000000)
  region size 1024K, 37 young (37888K), 14 survivors (14336K)
 Metaspace       used 58806K, capacity 60386K, committed 60540K, reserved 1101824K
  class space    used 7274K, capacity 7846K, committed 7884K, reserved 1048576K
}
Event: 38.238 GC heap after
{Heap after GC invocations=10 (full 0):
 garbage-first heap   total 196608K, used 56055K [0x0000000080000000, 0x0000000100000000)
  region size 1024K, 3 young (3072K), 3 survivors (3072K)
 Metaspace       used 58806K, capacity 60386K, committed 60540K, reserved 1101824K
  class space    used 7274K, capacity 7846K, committed 7884K, reserved 1048576K
}

Deoptimization events (20 events):
Event: 38.087 Thread 0x0000018612e8b000 Uncommon trap: trap_request=0xffffffc6 fr.pc=0x0000018607dfc638 relative=0x0000000000000058
Event: 38.087 Thread 0x0000018612e8b000 Uncommon trap: reason=bimorphic_or_optimized_type_check action=maybe_recompile pc=0x0000018607dfc638 method=java.util.AbstractQueue.add(Ljava/lang/Object;)Z @ 2 c2
Event: 38.087 Thread 0x0000018612e8b000 DEOPT PACKING pc=0x0000018607dfc638 sp=0x00000023592f7d90
Event: 38.087 Thread 0x0000018612e8b000 DEOPT UNPACKING pc=0x000001860004a1af sp=0x00000023592f7d58 mode 2
Event: 38.524 Thread 0x0000018612e8b000 Uncommon trap: trap_request=0xffffffde fr.pc=0x0000018607e534ac relative=0x000000000000010c
Event: 38.524 Thread 0x0000018612e8b000 Uncommon trap: reason=class_check action=maybe_recompile pc=0x0000018607e534ac method=java.lang.reflect.Array.newInstance(Ljava/lang/Class;I)Ljava/lang/Object; @ 2 c2
Event: 38.524 Thread 0x0000018612e8b000 DEOPT PACKING pc=0x0000018607e534ac sp=0x00000023592f2540
Event: 38.524 Thread 0x0000018612e8b000 DEOPT UNPACKING pc=0x000001860004a1af sp=0x00000023592f24d8 mode 2
Event: 38.525 Thread 0x0000018612e8b000 Uncommon trap: trap_request=0xffffffde fr.pc=0x0000018607e534ac relative=0x000000000000010c
Event: 38.525 Thread 0x0000018612e8b000 Uncommon trap: reason=class_check action=maybe_recompile pc=0x0000018607e534ac method=java.lang.reflect.Array.newInstance(Ljava/lang/Class;I)Ljava/lang/Object; @ 2 c2
Event: 38.525 Thread 0x0000018612e8b000 DEOPT PACKING pc=0x0000018607e534ac sp=0x00000023592f2540
Event: 38.525 Thread 0x0000018612e8b000 DEOPT UNPACKING pc=0x000001860004a1af sp=0x00000023592f24d8 mode 2
Event: 38.525 Thread 0x0000018612e8b000 Uncommon trap: trap_request=0xffffffde fr.pc=0x0000018607e534ac relative=0x000000000000010c
Event: 38.525 Thread 0x0000018612e8b000 Uncommon trap: reason=class_check action=maybe_recompile pc=0x0000018607e534ac method=java.lang.reflect.Array.newInstance(Ljava/lang/Class;I)Ljava/lang/Object; @ 2 c2
Event: 38.525 Thread 0x0000018612e8b000 DEOPT PACKING pc=0x0000018607e534ac sp=0x00000023592f2540
Event: 38.525 Thread 0x0000018612e8b000 DEOPT UNPACKING pc=0x000001860004a1af sp=0x00000023592f24d8 mode 2
Event: 38.525 Thread 0x0000018612e8b000 Uncommon trap: trap_request=0xffffffde fr.pc=0x0000018607e534ac relative=0x000000000000010c
Event: 38.525 Thread 0x0000018612e8b000 Uncommon trap: reason=class_check action=maybe_recompile pc=0x0000018607e534ac method=java.lang.reflect.Array.newInstance(Ljava/lang/Class;I)Ljava/lang/Object; @ 2 c2
Event: 38.525 Thread 0x0000018612e8b000 DEOPT PACKING pc=0x0000018607e534ac sp=0x00000023592f2540
Event: 38.525 Thread 0x0000018612e8b000 DEOPT UNPACKING pc=0x000001860004a1af sp=0x00000023592f24d8 mode 2

Classes redefined (0 events):
No events

Internal exceptions (20 events):
Event: 36.576 Thread 0x0000018612e8b000 Exception <a 'java/security/PrivilegedActionException'{0x00000000892a1848}> (0x00000000892a1848) thrown at [./src/hotspot/share/prims/jvm.cpp, line 1306]
Event: 36.576 Thread 0x0000018612e8b000 Exception <a 'java/security/PrivilegedActionException'{0x00000000892a2860}> (0x00000000892a2860) thrown at [./src/hotspot/share/prims/jvm.cpp, line 1306]
Event: 36.665 Thread 0x0000018612e8b000 Exception <a 'java/security/PrivilegedActionException'{0x0000000088f7b398}> (0x0000000088f7b398) thrown at [./src/hotspot/share/prims/jvm.cpp, line 1306]
Event: 36.665 Thread 0x0000018612e8b000 Exception <a 'java/security/PrivilegedActionException'{0x0000000088f7c3b0}> (0x0000000088f7c3b0) thrown at [./src/hotspot/share/prims/jvm.cpp, line 1306]
Event: 36.665 Thread 0x0000018612e8b000 Exception <a 'java/security/PrivilegedActionException'{0x0000000088f7ea58}> (0x0000000088f7ea58) thrown at [./src/hotspot/share/prims/jvm.cpp, line 1306]
Event: 36.665 Thread 0x0000018612e8b000 Exception <a 'java/security/PrivilegedActionException'{0x0000000088f7fa70}> (0x0000000088f7fa70) thrown at [./src/hotspot/share/prims/jvm.cpp, line 1306]
Event: 36.665 Thread 0x0000018612e8b000 Exception <a 'java/security/PrivilegedActionException'{0x0000000088f962c8}> (0x0000000088f962c8) thrown at [./src/hotspot/share/prims/jvm.cpp, line 1306]
Event: 36.665 Thread 0x0000018612e8b000 Exception <a 'java/security/PrivilegedActionException'{0x0000000088f972e0}> (0x0000000088f972e0) thrown at [./src/hotspot/share/prims/jvm.cpp, line 1306]
Event: 36.665 Thread 0x0000018612e8b000 Exception <a 'java/security/PrivilegedActionException'{0x0000000088f99990}> (0x0000000088f99990) thrown at [./src/hotspot/share/prims/jvm.cpp, line 1306]
Event: 36.666 Thread 0x0000018612e8b000 Exception <a 'java/security/PrivilegedActionException'{0x0000000088f9a9a8}> (0x0000000088f9a9a8) thrown at [./src/hotspot/share/prims/jvm.cpp, line 1306]
Event: 36.666 Thread 0x0000018612e8b000 Exception <a 'java/security/PrivilegedActionException'{0x0000000088f9d0a8}> (0x0000000088f9d0a8) thrown at [./src/hotspot/share/prims/jvm.cpp, line 1306]
Event: 36.666 Thread 0x0000018612e8b000 Exception <a 'java/security/PrivilegedActionException'{0x0000000088f9e0c0}> (0x0000000088f9e0c0) thrown at [./src/hotspot/share/prims/jvm.cpp, line 1306]
Event: 36.666 Thread 0x0000018612e8b000 Exception <a 'java/security/PrivilegedActionException'{0x0000000088fa0820}> (0x0000000088fa0820) thrown at [./src/hotspot/share/prims/jvm.cpp, line 1306]
Event: 36.666 Thread 0x0000018612e8b000 Exception <a 'java/security/PrivilegedActionException'{0x0000000088fa1838}> (0x0000000088fa1838) thrown at [./src/hotspot/share/prims/jvm.cpp, line 1306]
Event: 37.080 Thread 0x0000018612e8b000 Exception <a 'java/lang/ClassNotFoundException'{0x0000000088443c08}: org/gradle/api/internal/plugins/DefaultObjectConfigurationActionBeanInfo> (0x0000000088443c08) thrown at [./src/hotspot/share/classfile/systemDictionary.cpp, line 231]
Event: 37.081 Thread 0x0000018612e8b000 Exception <a 'java/lang/ClassNotFoundException'{0x000000008847aef8}: org/gradle/api/internal/plugins/DefaultObjectConfigurationActionCustomizer> (0x000000008847aef8) thrown at [./src/hotspot/share/classfile/systemDictionary.cpp, line 231]
Event: 37.635 Thread 0x0000018612e8b000 Exception <a 'java/lang/NoSuchMethodError'{0x000000008690bac8}: 'java.lang.Object java.lang.invoke.DirectMethodHandle$Holder.invokeSpecial(java.lang.Object, java.lang.Object, int, int, java.lang.Object, java.lang.Object, java.lang.Object)'> (0x000000008690bac8) thrown at [./src/hotspot/share/interpreter/linkResolver.cpp, line 773]
Event: 37.635 Thread 0x0000018612e8b000 Exception <a 'java/lang/NoSuchMethodError'{0x0000000086910048}: 'java.lang.Object java.lang.invoke.DelegatingMethodHandle$Holder.reinvoke_L(java.lang.Object, int, int, java.lang.Object, java.lang.Object, java.lang.Object)'> (0x0000000086910048) thrown at [./src/hotspot/share/interpreter/linkResolver.cpp, line 773]
Event: 37.864 Thread 0x0000018612e8b000 Exception <a 'java/lang/NoSuchMethodError'{0x000000008bfebbf8}: 'int java.lang.invoke.DirectMethodHandle$Holder.invokeInterface(java.lang.Object, java.lang.Object, java.lang.Object, java.lang.Object)'> (0x000000008bfebbf8) thrown at [./src/hotspot/share/interpreter/linkResolver.cpp, line 773]
Event: 38.516 Thread 0x0000018612e8b000 Exception <a 'java/lang/IncompatibleClassChangeError'{0x000000008b3be788}: Found class java.lang.Object, but interface was expected> (0x000000008b3be788) thrown at [./src/hotspot/share/interpreter/linkResolver.cpp, line 839]

Events (20 events):
Event: 38.527 loading class javax/management/openmbean/CompositeType
Event: 38.527 loading class javax/management/openmbean/CompositeType done
Event: 38.527 loading class javax/management/openmbean/TabularType
Event: 38.527 loading class javax/management/openmbean/TabularType done
Event: 38.528 loading class com/sun/jmx/mbeanserver/DefaultMXBeanMappingFactory$TabularMapping
Event: 38.528 loading class com/sun/jmx/mbeanserver/DefaultMXBeanMappingFactory$TabularMapping done
Event: 38.528 loading class com/sun/jmx/mbeanserver/MBeanIntrospector$MBeanInfoMaker
Event: 38.528 loading class com/sun/jmx/mbeanserver/MBeanAnalyzer$MBeanVisitor
Event: 38.528 loading class com/sun/jmx/mbeanserver/MBeanAnalyzer$MBeanVisitor done
Event: 38.528 loading class com/sun/jmx/mbeanserver/MBeanIntrospector$MBeanInfoMaker done
Event: 38.528 loading class javax/management/openmbean/OpenMBeanAttributeInfoSupport
Event: 38.529 loading class javax/management/openmbean/OpenMBeanAttributeInfo
Event: 38.529 loading class javax/management/openmbean/OpenMBeanParameterInfo
Event: 38.529 loading class javax/management/openmbean/OpenMBeanParameterInfo done
Event: 38.529 loading class javax/management/openmbean/OpenMBeanAttributeInfo done
Event: 38.529 loading class javax/management/openmbean/OpenMBeanAttributeInfoSupport done
Event: 38.533 loading class com/sun/jmx/mbeanserver/PerInterface
Event: 38.533 loading class com/sun/jmx/mbeanserver/PerInterface done
Event: 38.533 loading class com/sun/jmx/mbeanserver/PerInterface$InitMaps
Event: 38.533 loading class com/sun/jmx/mbeanserver/PerInterface$InitMaps done


Dynamic libraries:
0x00007ff66e240000 - 0x00007ff66e24a000 	C:\Program Files\Android\Android Studio\jre\bin\java.exe
0x00007ffe99110000 - 0x00007ffe99308000 	C:\WINDOWS\SYSTEM32\ntdll.dll
0x00007ffe982a0000 - 0x00007ffe9835f000 	C:\WINDOWS\System32\KERNEL32.DLL
0x00007ffe96e90000 - 0x00007ffe9716a000 	C:\WINDOWS\System32\KERNELBASE.dll
0x00007ffe96820000 - 0x00007ffe96920000 	C:\WINDOWS\System32\ucrtbase.dll
0x00007ffe90870000 - 0x00007ffe90889000 	C:\Program Files\Android\Android Studio\jre\bin\jli.dll
0x00007ffe98f30000 - 0x00007ffe990cd000 	C:\WINDOWS\System32\USER32.dll
0x00007ffe96c30000 - 0x00007ffe96c52000 	C:\WINDOWS\System32\win32u.dll
0x00007ffe98430000 - 0x00007ffe9845b000 	C:\WINDOWS\System32\GDI32.dll
0x00007ffe96920000 - 0x00007ffe96a30000 	C:\WINDOWS\System32\gdi32full.dll
0x00007ffe96df0000 - 0x00007ffe96e8d000 	C:\WINDOWS\System32\msvcp_win.dll
0x00007ffe8ec40000 - 0x00007ffe8ec57000 	C:\Program Files\Android\Android Studio\jre\bin\VCRUNTIME140.dll
0x00007ffe7b680000 - 0x00007ffe7b91a000 	C:\WINDOWS\WinSxS\amd64_microsoft.windows.common-controls_6595b64144ccf1df_6.0.19041.1110_none_60b5254171f9507e\COMCTL32.dll
0x00007ffe975b0000 - 0x00007ffe9764e000 	C:\WINDOWS\System32\msvcrt.dll
0x00007ffe97e90000 - 0x00007ffe97ec0000 	C:\WINDOWS\System32\IMM32.DLL
0x00007ffe73400000 - 0x00007ffe7349d000 	C:\Program Files\Android\Android Studio\jre\bin\msvcp140.dll
0x00007ffe3b360000 - 0x00007ffe3be62000 	C:\Program Files\Android\Android Studio\jre\bin\server\jvm.dll
0x00007ffe97ac0000 - 0x00007ffe97b6e000 	C:\WINDOWS\System32\ADVAPI32.dll
0x00007ffe97d80000 - 0x00007ffe97e1c000 	C:\WINDOWS\System32\sechost.dll
0x00007ffe97480000 - 0x00007ffe975a6000 	C:\WINDOWS\System32\RPCRT4.dll
0x00007ffe98360000 - 0x00007ffe98368000 	C:\WINDOWS\System32\PSAPI.DLL
0x00007ffe90e20000 - 0x00007ffe90e29000 	C:\WINDOWS\SYSTEM32\WSOCK32.dll
0x00007ffe97e20000 - 0x00007ffe97e8b000 	C:\WINDOWS\System32\WS2_32.dll
0x00007ffe7b4f0000 - 0x00007ffe7b517000 	C:\WINDOWS\SYSTEM32\WINMM.dll
0x00007ffe911a0000 - 0x00007ffe911aa000 	C:\WINDOWS\SYSTEM32\VERSION.dll
0x00007ffe94770000 - 0x00007ffe94782000 	C:\WINDOWS\SYSTEM32\kernel.appcore.dll
0x00007ffe3b090000 - 0x00007ffe3b0a1000 	C:\Program Files\Android\Android Studio\jre\bin\verify.dll
0x00007ffe94560000 - 0x00007ffe94744000 	C:\WINDOWS\SYSTEM32\DBGHELP.DLL
0x00007ffe7bf00000 - 0x00007ffe7bf34000 	C:\WINDOWS\SYSTEM32\dbgcore.DLL
0x00007ffe96c60000 - 0x00007ffe96ce2000 	C:\WINDOWS\System32\bcryptPrimitives.dll
0x00007ffe3ad90000 - 0x00007ffe3adb9000 	C:\Program Files\Android\Android Studio\jre\bin\java.dll
0x00007ffe5e1c0000 - 0x00007ffe5e1cb000 	C:\Program Files\Android\Android Studio\jre\bin\jimage.dll
0x00007ffe37a40000 - 0x00007ffe37a58000 	C:\Program Files\Android\Android Studio\jre\bin\zip.dll
0x00007ffe98480000 - 0x00007ffe98bc4000 	C:\WINDOWS\System32\SHELL32.dll
0x00007ffe948e0000 - 0x00007ffe95073000 	C:\WINDOWS\SYSTEM32\windows.storage.dll
0x00007ffe98bd0000 - 0x00007ffe98f24000 	C:\WINDOWS\System32\combase.dll
0x00007ffe961a0000 - 0x00007ffe961ce000 	C:\WINDOWS\SYSTEM32\Wldp.dll
0x00007ffe97f70000 - 0x00007ffe9801d000 	C:\WINDOWS\System32\SHCORE.dll
0x00007ffe97420000 - 0x00007ffe97475000 	C:\WINDOWS\System32\shlwapi.dll
0x00007ffe96760000 - 0x00007ffe9677f000 	C:\WINDOWS\SYSTEM32\profapi.dll
0x00007ffe87130000 - 0x00007ffe8714a000 	C:\Program Files\Android\Android Studio\jre\bin\net.dll
0x00007ffe8f570000 - 0x00007ffe8f67a000 	C:\WINDOWS\SYSTEM32\WINHTTP.dll
0x00007ffe95f00000 - 0x00007ffe95f6a000 	C:\WINDOWS\system32\mswsock.dll
0x00007ffe48800000 - 0x00007ffe48814000 	C:\Program Files\Android\Android Studio\jre\bin\nio.dll
0x00007ffe8e460000 - 0x00007ffe8e487000 	C:\Users\gadha\.gradle\native\e1d6ef7f7dcc3fd88c89a11ec53ec762bb8ba0a96d01ffa2cd45eb1d1d8dd5c5\windows-amd64\native-platform.dll
0x00007ffe5f480000 - 0x00007ffe5f5c4000 	C:\Users\gadha\.gradle\native\0d407fdbe67a94daf76414ababcb853783967236a71b16ec16e742cd7a986fd3\windows-amd64\native-platform-file-events.dll
0x00007ffe3c070000 - 0x00007ffe3c07a000 	C:\Program Files\Android\Android Studio\jre\bin\management.dll
0x00007ffe3c060000 - 0x00007ffe3c06d000 	C:\Program Files\Android\Android Studio\jre\bin\management_ext.dll
0x00007ffe960f0000 - 0x00007ffe96108000 	C:\WINDOWS\SYSTEM32\CRYPTSP.dll
0x00007ffe95820000 - 0x00007ffe95854000 	C:\WINDOWS\system32\rsaenh.dll
0x00007ffe96a30000 - 0x00007ffe96a57000 	C:\WINDOWS\System32\bcrypt.dll
0x00007ffe96720000 - 0x00007ffe9674e000 	C:\WINDOWS\SYSTEM32\USERENV.dll
0x00007ffe96110000 - 0x00007ffe9611c000 	C:\WINDOWS\SYSTEM32\CRYPTBASE.dll
0x00007ffe95bf0000 - 0x00007ffe95c2c000 	C:\WINDOWS\SYSTEM32\IPHLPAPI.DLL
0x00007ffe97170000 - 0x00007ffe97178000 	C:\WINDOWS\System32\NSI.dll
0x00007ffe8fa30000 - 0x00007ffe8fa47000 	C:\WINDOWS\SYSTEM32\dhcpcsvc6.DLL
0x00007ffe90070000 - 0x00007ffe9008d000 	C:\WINDOWS\SYSTEM32\dhcpcsvc.DLL
0x00007ffe95c80000 - 0x00007ffe95d4b000 	C:\WINDOWS\SYSTEM32\DNSAPI.dll

dbghelp: loaded successfully - version: 4.0.5 - missing functions: none
symbol engine: initialized successfully - sym options: 0x614 - pdb path: .;C:\Program Files\Android\Android Studio\jre\bin;C:\WINDOWS\SYSTEM32;C:\WINDOWS\WinSxS\amd64_microsoft.windows.common-controls_6595b64144ccf1df_6.0.19041.1110_none_60b5254171f9507e;C:\Program Files\Android\Android Studio\jre\bin\server;C:\Users\gadha\.gradle\native\e1d6ef7f7dcc3fd88c89a11ec53ec762bb8ba0a96d01ffa2cd45eb1d1d8dd5c5\windows-amd64;C:\Users\gadha\.gradle\native\0d407fdbe67a94daf76414ababcb853783967236a71b16ec16e742cd7a986fd3\windows-amd64

VM Arguments:
jvm_args: --add-opens=java.base/java.util=ALL-UNNAMED --add-opens=java.base/java.lang=ALL-UNNAMED --add-opens=java.base/java.lang.invoke=ALL-UNNAMED --add-opens=java.base/java.util=ALL-UNNAMED --add-opens=java.prefs/java.util.prefs=ALL-UNNAMED --add-opens=java.prefs/java.util.prefs=ALL-UNNAMED --add-opens=java.base/java.nio.charset=ALL-UNNAMED --add-opens=java.base/java.net=ALL-UNNAMED --add-opens=java.base/java.util.concurrent.atomic=ALL-UNNAMED -Xmx2048m -Dfile.encoding=UTF-8 -Duser.country=US -Duser.language=en -Duser.variant 
java_command: org.gradle.launcher.daemon.bootstrap.GradleDaemon 7.4
java_class_path (initial): C:\Users\gadha\.gradle\wrapper\dists\gradle-7.4-bin\c0gwcg53nkjbqw7r0h0umtfvt\gradle-7.4\lib\gradle-launcher-7.4.jar
Launcher Type: SUN_STANDARD

[Global flags]
     intx CICompilerCount                          = 4                                         {product} {ergonomic}
     uint ConcGCThreads                            = 2                                         {product} {ergonomic}
     uint G1ConcRefinementThreads                  = 8                                         {product} {ergonomic}
   size_t G1HeapRegionSize                         = 1048576                                   {product} {ergonomic}
    uintx GCDrainStackTargetSize                   = 64                                        {product} {ergonomic}
   size_t InitialHeapSize                          = 201326592                                 {product} {ergonomic}
   size_t MarkStackSize                            = 4194304                                   {product} {ergonomic}
   size_t MaxHeapSize                              = 2147483648                                {product} {command line}
   size_t MaxNewSize                               = 1287651328                                {product} {ergonomic}
   size_t MinHeapDeltaBytes                        = 1048576                                   {product} {ergonomic}
    uintx NonNMethodCodeHeapSize                   = 5836300                                {pd product} {ergonomic}
    uintx NonProfiledCodeHeapSize                  = 122910970                              {pd product} {ergonomic}
    uintx ProfiledCodeHeapSize                     = 122910970                              {pd product} {ergonomic}
    uintx ReservedCodeCacheSize                    = 251658240                              {pd product} {ergonomic}
     bool SegmentedCodeCache                       = true                                      {product} {ergonomic}
     bool UseCompressedClassPointers               = true                                 {lp64_product} {ergonomic}
     bool UseCompressedOops                        = true                                 {lp64_product} {ergonomic}
     bool UseG1GC                                  = true                                      {product} {ergonomic}
     bool UseLargePagesIndividualAllocation        = false                                  {pd product} {ergonomic}

Logging:
Log output configuration:
 #0: stdout all=warning uptime,level,tags
 #1: stderr all=off uptime,level,tags

Environment Variables:
PATH=C:\Program Files\Common Files\Oracle\Java\javapath;C:\Program Files (x86)\Intel\iCLS Client\;C:\Program Files\Intel\iCLS Client\;C:\WINDOWS\system32;C:\WINDOWS;C:\WINDOWS\System32\Wbem;C:\WINDOWS\System32\WindowsPowerShell\v1.0\;C:\Program Files (x86)\Intel\Intel(R) Management Engine Components\DAL;C:\Program Files\Intel\Intel(R) Management Engine Components\DAL;C:\Program Files (x86)\Intel\Intel(R) Management Engine Components\IPT;C:\Program Files\Intel\Intel(R) Management Engine Components\IPT;C:\WINDOWS\System32\OpenSSH\;C:\MinGW\bin;C:\Program Files\Git\cmd;C:\Users\gadha\AppData\Local\Microsoft\WindowsApps;;C:\Users\gadha\AppData\Local\Programs\Microsoft VS Code\bin
USERNAME=gadha
OS=Windows_NT
PROCESSOR_IDENTIFIER=Intel64 Family 6 Model 142 Stepping 10, GenuineIntel



---------------  S Y S T E M  ---------------

OS: Windows 10 , 64 bit Build 19041 (10.0.19041.2788)
OS uptime: 3 days 15:01 hours

CPU:total 8 (initial active 8) (4 cores per cpu, 2 threads per core) family 6 model 142 stepping 10 microcode 0xea, cmov, cx8, fxsr, mmx, sse, sse2, sse3, ssse3, sse4.1, sse4.2, popcnt, avx, avx2, aes, clmul, erms, 3dnowpref, lzcnt, ht, tsc, tscinvbit, bmi1, bmi2, adx, fma

Memory: 4k page, system-wide physical 12197M (642M free)
TotalPageFile size 12197M (AvailPageFile size 4M)
current process WorkingSet (physical memory assigned to process): 388M, peak: 392M
current process commit charge ("private bytes"): 446M, peak: 447M

vm_info: OpenJDK 64-Bit Server VM (11.0.13+0-b1751.21-8125866) for windows-amd64 JRE (11.0.13+0-b1751.21-8125866), built on Feb  2 2022 03:00:22 by "builder" with MS VC++ 14.0 (VS2015)

END.
